2026-04-07T11:43:40.068372Z INIT features=0x01
2026-04-07T11:43:40.078931Z INIT_RESP reset features=0x01
2026-04-07T11:43:40.079187Z START initiator=0xF7
2026-04-07T11:43:40.117855Z START_RESP started initiator=0xF7
2026-04-07T11:43:40.117912Z #1 SEND_PROTO src=0xF7 dst=0x15 primary=0x07 secondary=0x04 payload=
2026-04-07T11:43:40.368556Z #1 PARSED_PROTO len=10 hex=b5424153563205071704
2026-04-07T11:43:40.370699Z START initiator=0xF7
2026-04-07T11:43:40.442982Z START_RESP started initiator=0xF7
2026-04-07T11:43:40.443241Z #2 SEND_PROTO src=0xF7 dst=0x15 primary=0xB5 secondary=0x09 payload=24
2026-04-07T11:43:40.659609Z #2 PARSED_PROTO len=9 hex=003231323133343030
2026-04-07T11:43:40.659962Z START initiator=0xF7
2026-04-07T11:43:40.709611Z START_RESP started initiator=0xF7
2026-04-07T11:43:40.709932Z #3 SEND_PROTO src=0xF7 dst=0x15 primary=0xB5 secondary=0x09 payload=25
2026-04-07T11:43:41.025125Z #3 PARSED_PROTO len=9 hex=323032363231343830
2026-04-07T11:43:41.025440Z START initiator=0xF7
2026-04-07T11:43:41.072844Z START_RESP failed winner=0x10
2026-04-07T11:43:41.128120Z #4 RETRY type=collision n=1/10 sleep_ms=50
2026-04-07T11:43:41.128456Z START initiator=0xF7
2026-04-07T11:43:41.185405Z START_RESP started initiator=0xF7
2026-04-07T11:43:41.185700Z #4 SEND_PROTO src=0xF7 dst=0x15 primary=0xB5 secondary=0x09 payload=26
2026-04-07T11:43:41.496166Z #4 PARSED_PROTO len=9 hex=303832303134323637
2026-04-07T11:43:41.496468Z START initiator=0xF7
2026-04-07T11:43:41.544505Z START_RESP started initiator=0xF7
2026-04-07T11:43:41.544729Z #5 SEND_PROTO src=0xF7 dst=0x15 primary=0xB5 secondary=0x09 payload=27
2026-04-07T11:43:41.797025Z #5 PARSED_PROTO len=9 hex=4e37ffffffffffffff
2026-04-07T11:43:41.808297Z OP Starting scan dst=0x15
2026-04-07T11:43:41.809015Z OP Discovering Groups
2026-04-07T11:43:41.809073Z START initiator=0xF7
2026-04-07T11:43:41.915047Z START_RESP started initiator=0xF7
2026-04-07T11:43:41.915288Z #6 SEND_PROTO src=0xF7 dst=0x15 primary=0xB5 secondary=0x24 payload=000000
2026-04-07T11:43:42.175509Z #6 PARSED_PROTO len=4 hex=00004040
2026-04-07T11:43:42.176655Z START initiator=0xF7
2026-04-07T11:43:42.222170Z START_RESP started initiator=0xF7
2026-04-07T11:43:42.222284Z #7 SEND_PROTO src=0xF7 dst=0x15 primary=0xB5 secondary=0x24 payload=000100
2026-04-07T11:43:42.579755Z #7 PARSED_PROTO len=4 hex=00004040
2026-04-07T11:43:42.580691Z START initiator=0xF7
2026-04-07T11:43:42.656570Z START_RESP started initiator=0xF7
2026-04-07T11:43:42.656678Z #8 SEND_PROTO src=0xF7 dst=0x15 primary=0xB5 secondary=0x24 payload=000200
2026-04-07T11:43:42.989931Z #8 PARSED_PROTO len=4 hex=0000803f
2026-04-07T11:43:42.990785Z START initiator=0xF7
2026-04-07T11:43:43.038017Z START_RESP started initiator=0xF7
2026-04-07T11:43:43.038128Z #9 SEND_PROTO src=0xF7 dst=0x15 primary=0xB5 secondary=0x24 payload=000300
2026-04-07T11:43:43.466328Z #9 PARSED_PROTO len=4 hex=0000803f
2026-04-07T11:43:43.468763Z START initiator=0xF7
2026-04-07T11:43:43.494104Z START_RESP started initiator=0xF7
2026-04-07T11:43:43.494207Z #10 SEND_PROTO src=0xF7 dst=0x15 primary=0xB5 secondary=0x24 payload=000400
2026-04-07T11:43:43.729407Z #10 PARSED_PROTO len=4 hex=0000c040
2026-04-07T11:43:43.730222Z START initiator=0xF7
2026-04-07T11:43:43.782279Z START_RESP started initiator=0xF7
2026-04-07T11:43:43.782340Z #11 SEND_PROTO src=0xF7 dst=0x15 primary=0xB5 secondary=0x24 payload=000500
2026-04-07T11:43:44.137659Z #11 PARSED_PROTO len=4 hex=0000803f
2026-04-07T11:43:44.138465Z START initiator=0xF7
2026-04-07T11:43:44.212507Z START_RESP started initiator=0xF7
2026-04-07T11:43:44.212599Z #12 SEND_PROTO src=0xF7 dst=0x15 primary=0xB5 secondary=0x24 payload=000600
2026-04-07T11:43:44.533120Z #12 PARSED_PROTO len=4 hex=0000803f
2026-04-07T11:43:44.535268Z START initiator=0xF7
2026-04-07T11:43:44.581714Z START_RESP started initiator=0xF7
2026-04-07T11:43:44.581839Z #13 SEND_PROTO src=0xF7 dst=0x15 primary=0xB5 secondary=0x24 payload=000700
2026-04-07T11:43:44.851047Z #13 PARSED_PROTO len=4 hex=0000803f
2026-04-07T11:43:44.851876Z START initiator=0xF7
2026-04-07T11:43:44.907711Z START_RESP failed winner=0x10
2026-04-07T11:43:44.962854Z #14 RETRY type=collision n=1/10 sleep_ms=50
2026-04-07T11:43:44.962909Z START initiator=0xF7
2026-04-07T11:43:45.052525Z START_RESP started initiator=0xF7
2026-04-07T11:43:45.052601Z #14 SEND_PROTO src=0xF7 dst=0x15 primary=0xB5 secondary=0x24 payload=000800
2026-04-07T11:43:45.301453Z #14 PARSED_PROTO len=4 hex=00000000
2026-04-07T11:43:45.302300Z START initiator=0xF7
2026-04-07T11:43:45.349377Z START_RESP failed winner=0x10
2026-04-07T11:43:45.400699Z #15 RETRY type=collision n=1/10 sleep_ms=50
2026-04-07T11:43:45.400757Z START initiator=0xF7
2026-04-07T11:43:45.455821Z START_RESP started initiator=0xF7
2026-04-07T11:43:45.455901Z #15 SEND_PROTO src=0xF7 dst=0x15 primary=0xB5 secondary=0x24 payload=000900
2026-04-07T11:43:45.781295Z #15 PARSED_PROTO len=4 hex=0000803f
2026-04-07T11:43:45.782272Z START initiator=0xF7
2026-04-07T11:43:45.829579Z START_RESP started initiator=0xF7
2026-04-07T11:43:45.829649Z #16 SEND_PROTO src=0xF7 dst=0x15 primary=0xB5 secondary=0x24 payload=000a00
2026-04-07T11:43:46.138288Z #16 PARSED_PROTO len=4 hex=0000803f
2026-04-07T11:43:46.139049Z START initiator=0xF7
2026-04-07T11:43:46.184921Z START_RESP failed winner=0x10
2026-04-07T11:43:46.235374Z #17 RETRY type=collision n=1/10 sleep_ms=50
2026-04-07T11:43:46.235423Z START initiator=0xF7
2026-04-07T11:43:46.302772Z START_RESP started initiator=0xF7
2026-04-07T11:43:46.302829Z #17 SEND_PROTO src=0xF7 dst=0x15 primary=0xB5 secondary=0x24 payload=000b00
2026-04-07T11:43:46.650235Z #17 PARSED_PROTO len=4 hex=00000000
2026-04-07T11:43:46.651477Z START initiator=0xF7
2026-04-07T11:43:46.697969Z START_RESP started initiator=0xF7
2026-04-07T11:43:46.698032Z #18 SEND_PROTO src=0xF7 dst=0x15 primary=0xB5 secondary=0x24 payload=000c00
2026-04-07T11:43:46.966817Z #18 PARSED_PROTO len=4 hex=0000803f
2026-04-07T11:43:46.967765Z START initiator=0xF7
2026-04-07T11:43:47.011511Z START_RESP failed winner=0x10
2026-04-07T11:43:47.066619Z #19 RETRY type=collision n=1/10 sleep_ms=50
2026-04-07T11:43:47.066696Z START initiator=0xF7
2026-04-07T11:43:47.168373Z START_RESP started initiator=0xF7
2026-04-07T11:43:47.168457Z #19 SEND_PROTO src=0xF7 dst=0x15 primary=0xB5 secondary=0x24 payload=000d00
2026-04-07T11:43:47.410693Z #19 PARSED_PROTO len=4 hex=00000000
2026-04-07T11:43:47.411515Z START initiator=0xF7
2026-04-07T11:43:47.467448Z START_RESP started initiator=0xF7
2026-04-07T11:43:47.467510Z #20 SEND_PROTO src=0xF7 dst=0x15 primary=0xB5 secondary=0x24 payload=000e00
2026-04-07T11:43:47.805841Z #20 PARSED_PROTO len=4 hex=00000000
2026-04-07T11:43:47.806776Z START initiator=0xF7
2026-04-07T11:43:47.897583Z START_RESP started initiator=0xF7
2026-04-07T11:43:47.897696Z #21 SEND_PROTO src=0xF7 dst=0x15 primary=0xB5 secondary=0x24 payload=000f00
2026-04-07T11:43:48.235597Z #21 PARSED_PROTO len=4 hex=00000000
2026-04-07T11:43:48.236294Z START initiator=0xF7
2026-04-07T11:43:48.290219Z START_RESP started initiator=0xF7
2026-04-07T11:43:48.290301Z #22 SEND_PROTO src=0xF7 dst=0x15 primary=0xB5 secondary=0x24 payload=001000
2026-04-07T11:43:48.539500Z #22 PARSED_PROTO len=4 hex=00000000
2026-04-07T11:43:48.540367Z START initiator=0xF7
2026-04-07T11:43:48.594365Z START_RESP failed winner=0x10
2026-04-07T11:43:48.649447Z #23 RETRY type=collision n=1/10 sleep_ms=50
2026-04-07T11:43:48.649480Z START initiator=0xF7
2026-04-07T11:43:48.729031Z START_RESP started initiator=0xF7
2026-04-07T11:43:48.729076Z #23 SEND_PROTO src=0xF7 dst=0x15 primary=0xB5 secondary=0x24 payload=001100
2026-04-07T11:43:48.981175Z #23 PARSED_PROTO len=4 hex=00000000
2026-04-07T11:43:48.982002Z START initiator=0xF7
2026-04-07T11:43:49.028101Z START_RESP started initiator=0xF7
2026-04-07T11:43:49.028161Z #24 SEND_PROTO src=0xF7 dst=0x15 primary=0xB5 secondary=0x24 payload=001200
2026-04-07T11:43:49.360649Z #24 PARSED_PROTO len=4 hex=ffffff7f
2026-04-07T11:43:49.363292Z OP Deriving Scan Coverage
2026-04-07T11:43:49.364967Z OP Identifying instances in group 0x02 (local)
2026-04-07T11:43:49.365006Z OP Reading key=(op=0x02,gg=0x02,ii=0x00,rr=0x0002) dst=0x15
2026-04-07T11:43:49.365047Z START initiator=0xF7
2026-04-07T11:43:49.478473Z START_RESP started initiator=0xF7
2026-04-07T11:43:49.478625Z #25 SEND_PROTO src=0xF7 dst=0x15 primary=0xB5 secondary=0x24 payload=020002000200
2026-04-07T11:43:49.873016Z #25 PARSED_PROTO len=6 hex=030202000100
2026-04-07T11:43:49.873517Z OP Reading key=(op=0x02,gg=0x02,ii=0x01,rr=0x0002) dst=0x15
2026-04-07T11:43:49.873640Z START initiator=0xF7
2026-04-07T11:43:49.921725Z START_RESP started initiator=0xF7
2026-04-07T11:43:49.921790Z #26 SEND_PROTO src=0xF7 dst=0x15 primary=0xB5 secondary=0x24 payload=020002010200
2026-04-07T11:43:50.318652Z #26 PARSED_PROTO len=6 hex=030202000100
2026-04-07T11:43:50.318829Z OP Reading key=(op=0x02,gg=0x02,ii=0x02,rr=0x0002) dst=0x15
2026-04-07T11:43:50.318874Z START initiator=0xF7
2026-04-07T11:43:50.421813Z START_RESP failed winner=0x10
2026-04-07T11:43:50.472760Z #27 RETRY type=collision n=1/10 sleep_ms=50
2026-04-07T11:43:50.472824Z START initiator=0xF7
2026-04-07T11:43:50.536226Z START_RESP failed winner=0xF1
2026-04-07T11:43:50.587487Z #27 RETRY type=collision n=2/10 sleep_ms=50
2026-04-07T11:43:50.587678Z START initiator=0xF7
2026-04-07T11:43:50.637585Z START_RESP started initiator=0xF7
2026-04-07T11:43:50.637624Z #27 SEND_PROTO src=0xF7 dst=0x15 primary=0xB5 secondary=0x24 payload=020002020200
2026-04-07T11:43:51.031041Z #27 PARSED_PROTO len=6 hex=030202000000
2026-04-07T11:43:51.031139Z OP Reading key=(op=0x02,gg=0x02,ii=0x03,rr=0x0002) dst=0x15
2026-04-07T11:43:51.031172Z START initiator=0xF7
2026-04-07T11:43:51.076469Z START_RESP failed winner=0x10
2026-04-07T11:43:51.128798Z #28 RETRY type=collision n=1/10 sleep_ms=50
2026-04-07T11:43:51.128975Z START initiator=0xF7
2026-04-07T11:43:51.187882Z START_RESP failed winner=0xF1
2026-04-07T11:43:51.242999Z #28 RETRY type=collision n=2/10 sleep_ms=50
2026-04-07T11:43:51.243051Z START initiator=0xF7
2026-04-07T11:43:51.374329Z START_RESP failed winner=0x10
2026-04-07T11:43:51.424797Z #28 RETRY type=collision n=3/10 sleep_ms=50
2026-04-07T11:43:51.424949Z START initiator=0xF7
2026-04-07T11:43:51.463175Z START_RESP started initiator=0xF7
2026-04-07T11:43:51.463232Z #28 SEND_PROTO src=0xF7 dst=0x15 primary=0xB5 secondary=0x24 payload=020002030200
2026-04-07T11:43:51.901291Z #28 PARSED_PROTO len=6 hex=020202000000
2026-04-07T11:43:51.901418Z OP Reading key=(op=0x02,gg=0x02,ii=0x04,rr=0x0002) dst=0x15
2026-04-07T11:43:51.901457Z START initiator=0xF7
2026-04-07T11:43:51.946681Z START_RESP started initiator=0xF7
2026-04-07T11:43:51.946723Z #29 SEND_PROTO src=0xF7 dst=0x15 primary=0xB5 secondary=0x24 payload=020002040200
2026-04-07T11:43:52.278860Z #29 PARSED_PROTO len=6 hex=020202000000
2026-04-07T11:43:52.279440Z OP Reading key=(op=0x02,gg=0x02,ii=0x05,rr=0x0002) dst=0x15
2026-04-07T11:43:52.279563Z START initiator=0xF7
2026-04-07T11:43:52.383407Z START_RESP failed winner=0x10
2026-04-07T11:43:52.437915Z #30 RETRY type=collision n=1/10 sleep_ms=50
2026-04-07T11:43:52.438049Z START initiator=0xF7
2026-04-07T11:43:52.484128Z START_RESP failed winner=0xF1
2026-04-07T11:43:52.535147Z #30 RETRY type=collision n=2/10 sleep_ms=50
2026-04-07T11:43:52.535246Z START initiator=0xF7
2026-04-07T11:43:52.592560Z START_RESP started initiator=0xF7
2026-04-07T11:43:52.592846Z #30 SEND_PROTO src=0xF7 dst=0x15 primary=0xB5 secondary=0x24 payload=020002050200
2026-04-07T11:43:52.945571Z #30 PARSED_PROTO len=6 hex=020202000000
2026-04-07T11:43:52.945720Z OP Reading key=(op=0x02,gg=0x02,ii=0x06,rr=0x0002) dst=0x15
2026-04-07T11:43:52.945763Z START initiator=0xF7
2026-04-07T11:43:52.998858Z START_RESP failed winner=0x10
2026-04-07T11:43:53.054048Z #31 RETRY type=collision n=1/10 sleep_ms=50
2026-04-07T11:43:53.054169Z START initiator=0xF7
2026-04-07T11:43:53.107568Z START_RESP failed winner=0xF1
2026-04-07T11:43:53.162627Z #31 RETRY type=collision n=2/10 sleep_ms=50
2026-04-07T11:43:53.162669Z START initiator=0xF7
2026-04-07T11:43:53.221935Z START_RESP started initiator=0xF7
2026-04-07T11:43:53.221990Z #31 SEND_PROTO src=0xF7 dst=0x15 primary=0xB5 secondary=0x24 payload=020002060200
2026-04-07T11:43:53.636487Z #31 PARSED_PROTO len=6 hex=020202000000
2026-04-07T11:43:53.636601Z OP Reading key=(op=0x02,gg=0x02,ii=0x07,rr=0x0002) dst=0x15
2026-04-07T11:43:53.636633Z START initiator=0xF7
2026-04-07T11:43:53.724402Z START_RESP failed winner=0xF1
2026-04-07T11:43:53.777765Z #32 RETRY type=collision n=1/10 sleep_ms=50
2026-04-07T11:43:53.777830Z START initiator=0xF7
2026-04-07T11:43:53.829881Z START_RESP started initiator=0xF7
2026-04-07T11:43:53.829938Z #32 SEND_PROTO src=0xF7 dst=0x15 primary=0xB5 secondary=0x24 payload=020002070200
2026-04-07T11:43:54.231774Z #32 PARSED_PROTO len=6 hex=020202000000
2026-04-07T11:43:54.231891Z OP Reading key=(op=0x02,gg=0x02,ii=0x08,rr=0x0002) dst=0x15
2026-04-07T11:43:54.231930Z START initiator=0xF7
2026-04-07T11:43:54.277349Z START_RESP failed winner=0xF1
2026-04-07T11:43:54.328860Z #33 RETRY type=collision n=1/10 sleep_ms=50
2026-04-07T11:43:54.329017Z START initiator=0xF7
2026-04-07T11:43:54.475567Z START_RESP started initiator=0xF7
2026-04-07T11:43:54.475647Z #33 SEND_PROTO src=0xF7 dst=0x15 primary=0xB5 secondary=0x24 payload=020002080200
2026-04-07T11:43:54.530733Z #33 RETRY type=collision n=2/10 sleep_ms=50
2026-04-07T11:43:54.530774Z START initiator=0xF7
2026-04-07T11:43:54.587403Z START_RESP started initiator=0xF7
2026-04-07T11:43:54.587440Z #33 SEND_PROTO src=0xF7 dst=0x15 primary=0xB5 secondary=0x24 payload=020002080200
2026-04-07T11:43:54.891220Z #33 PARSED_PROTO len=6 hex=020202000000
2026-04-07T11:43:54.891344Z OP Reading key=(op=0x02,gg=0x02,ii=0x09,rr=0x0002) dst=0x15
2026-04-07T11:43:54.891381Z START initiator=0xF7
2026-04-07T11:43:55.001878Z START_RESP failed winner=0xF1
2026-04-07T11:43:55.056973Z #34 RETRY type=collision n=1/10 sleep_ms=50
2026-04-07T11:43:55.058059Z START initiator=0xF7
2026-04-07T11:43:55.113869Z START_RESP started initiator=0xF7
2026-04-07T11:43:55.113980Z #34 SEND_PROTO src=0xF7 dst=0x15 primary=0xB5 secondary=0x24 payload=020002090200
2026-04-07T11:43:55.524479Z #34 PARSED_PROTO len=6 hex=020202000100
2026-04-07T11:43:55.524678Z OP Reading key=(op=0x02,gg=0x02,ii=0x0A,rr=0x0002) dst=0x15
2026-04-07T11:43:55.524726Z START initiator=0xF7
2026-04-07T11:43:55.643244Z START_RESP started initiator=0xF7
2026-04-07T11:43:55.643350Z #35 SEND_PROTO src=0xF7 dst=0x15 primary=0xB5 secondary=0x24 payload=0200020a0200
2026-04-07T11:43:55.942559Z #35 PARSED_PROTO len=0 hex=
2026-04-07T11:43:55.942770Z OP Identifying instances in group 0x03 (local)
2026-04-07T11:43:55.942818Z OP Reading key=(op=0x02,gg=0x03,ii=0x00,rr=0x001C) dst=0x15
2026-04-07T11:43:55.942846Z START initiator=0xF7
2026-04-07T11:43:56.048679Z START_RESP started initiator=0xF7
2026-04-07T11:43:56.048762Z #36 SEND_PROTO src=0xF7 dst=0x15 primary=0xB5 secondary=0x24 payload=020003001c00
2026-04-07T11:43:56.103935Z #36 RETRY type=collision n=1/10 sleep_ms=50
2026-04-07T11:43:56.103986Z START initiator=0xF7
2026-04-07T11:43:56.175544Z START_RESP started initiator=0xF7
2026-04-07T11:43:56.175587Z #36 SEND_PROTO src=0xF7 dst=0x15 primary=0xB5 secondary=0x24 payload=020003001c00
2026-04-07T11:43:56.612211Z #36 PARSED_PROTO len=5 hex=01031c0000
2026-04-07T11:43:56.612336Z OP Reading key=(op=0x02,gg=0x03,ii=0x01,rr=0x001C) dst=0x15
2026-04-07T11:43:56.612373Z START initiator=0xF7
2026-04-07T11:43:56.661731Z START_RESP started initiator=0xF7
2026-04-07T11:43:56.661793Z #37 SEND_PROTO src=0xF7 dst=0x15 primary=0xB5 secondary=0x24 payload=020003011c00
2026-04-07T11:43:57.131018Z #37 PARSED_PROTO len=5 hex=01031c0001
2026-04-07T11:43:57.131140Z OP Reading key=(op=0x02,gg=0x03,ii=0x02,rr=0x001C) dst=0x15
2026-04-07T11:43:57.131176Z START initiator=0xF7
2026-04-07T11:43:57.248586Z START_RESP started initiator=0xF7
2026-04-07T11:43:57.248666Z #38 SEND_PROTO src=0xF7 dst=0x15 primary=0xB5 secondary=0x24 payload=020003021c00
2026-04-07T11:43:57.638860Z #38 PARSED_PROTO len=5 hex=00031c00ff
2026-04-07T11:43:57.639119Z OP Reading key=(op=0x02,gg=0x03,ii=0x03,rr=0x001C) dst=0x15
2026-04-07T11:43:57.639160Z START initiator=0xF7
2026-04-07T11:43:57.686575Z START_RESP started initiator=0xF7
2026-04-07T11:43:57.686793Z #39 SEND_PROTO src=0xF7 dst=0x15 primary=0xB5 secondary=0x24 payload=020003031c00
2026-04-07T11:43:58.011283Z #39 PARSED_PROTO len=5 hex=00031c00ff
2026-04-07T11:43:58.011721Z OP Reading key=(op=0x02,gg=0x03,ii=0x04,rr=0x001C) dst=0x15
2026-04-07T11:43:58.011822Z START initiator=0xF7
2026-04-07T11:43:58.146820Z START_RESP failed winner=0x10
2026-04-07T11:43:58.202062Z #40 RETRY type=collision n=1/10 sleep_ms=50
2026-04-07T11:43:58.202313Z START initiator=0xF7
2026-04-07T11:43:58.239951Z START_RESP started initiator=0xF7
2026-04-07T11:43:58.240160Z #40 SEND_PROTO src=0xF7 dst=0x15 primary=0xB5 secondary=0x24 payload=020003041c00
2026-04-07T11:43:58.546353Z #40 PARSED_PROTO len=5 hex=00031c00ff
2026-04-07T11:43:58.546780Z OP Reading key=(op=0x02,gg=0x03,ii=0x05,rr=0x001C) dst=0x15
2026-04-07T11:43:58.546948Z START initiator=0xF7
2026-04-07T11:43:58.671093Z START_RESP failed winner=0x10
2026-04-07T11:43:58.726297Z #41 RETRY type=collision n=1/10 sleep_ms=50
2026-04-07T11:43:58.726437Z START initiator=0xF7
2026-04-07T11:43:58.752072Z START_RESP started initiator=0xF7
2026-04-07T11:43:58.752206Z #41 SEND_PROTO src=0xF7 dst=0x15 primary=0xB5 secondary=0x24 payload=020003051c00
2026-04-07T11:43:59.061434Z #41 PARSED_PROTO len=5 hex=00031c00ff
2026-04-07T11:43:59.061849Z OP Reading key=(op=0x02,gg=0x03,ii=0x06,rr=0x001C) dst=0x15
2026-04-07T11:43:59.061980Z START initiator=0xF7
2026-04-07T11:43:59.195434Z START_RESP started initiator=0xF7
2026-04-07T11:43:59.195580Z #42 SEND_PROTO src=0xF7 dst=0x15 primary=0xB5 secondary=0x24 payload=020003061c00
2026-04-07T11:43:59.250757Z #42 RETRY type=collision n=1/10 sleep_ms=50
2026-04-07T11:43:59.250956Z START initiator=0xF7
2026-04-07T11:43:59.305250Z START_RESP started initiator=0xF7
2026-04-07T11:43:59.305622Z #42 SEND_PROTO src=0xF7 dst=0x15 primary=0xB5 secondary=0x24 payload=020003061c00
2026-04-07T11:43:59.733638Z #42 PARSED_PROTO len=5 hex=00031c00ff
2026-04-07T11:43:59.734074Z OP Reading key=(op=0x02,gg=0x03,ii=0x07,rr=0x001C) dst=0x15
2026-04-07T11:43:59.734180Z START initiator=0xF7
2026-04-07T11:43:59.804922Z START_RESP started initiator=0xF7
2026-04-07T11:43:59.805151Z #43 SEND_PROTO src=0xF7 dst=0x15 primary=0xB5 secondary=0x24 payload=020003071c00
2026-04-07T11:44:00.243585Z #43 PARSED_PROTO len=5 hex=00031c00ff
2026-04-07T11:44:00.243982Z OP Reading key=(op=0x02,gg=0x03,ii=0x08,rr=0x001C) dst=0x15
2026-04-07T11:44:00.244093Z START initiator=0xF7
2026-04-07T11:44:00.302435Z START_RESP failed winner=0x10
2026-04-07T11:44:00.352925Z #44 RETRY type=collision n=1/10 sleep_ms=50
2026-04-07T11:44:00.353173Z START initiator=0xF7
2026-04-07T11:44:00.417541Z START_RESP started initiator=0xF7
2026-04-07T11:44:00.417607Z #44 SEND_PROTO src=0xF7 dst=0x15 primary=0xB5 secondary=0x24 payload=020003081c00
2026-04-07T11:44:00.806922Z #44 PARSED_PROTO len=5 hex=00031c00ff
2026-04-07T11:44:00.807047Z OP Reading key=(op=0x02,gg=0x03,ii=0x09,rr=0x001C) dst=0x15
2026-04-07T11:44:00.807082Z START initiator=0xF7
2026-04-07T11:44:00.858289Z START_RESP started initiator=0xF7
2026-04-07T11:44:00.858449Z #45 SEND_PROTO src=0xF7 dst=0x15 primary=0xB5 secondary=0x24 payload=020003091c00
2026-04-07T11:44:01.293179Z #45 PARSED_PROTO len=5 hex=00031c00ff
2026-04-07T11:44:01.293691Z OP Reading key=(op=0x02,gg=0x03,ii=0x0A,rr=0x001C) dst=0x15
2026-04-07T11:44:01.293845Z START initiator=0xF7
2026-04-07T11:44:01.334162Z START_RESP started initiator=0xF7
2026-04-07T11:44:01.334442Z #46 SEND_PROTO src=0xF7 dst=0x15 primary=0xB5 secondary=0x24 payload=0200030a1c00
2026-04-07T11:44:01.640397Z #46 PARSED_PROTO len=5 hex=00031c00ff
2026-04-07T11:44:01.640789Z OP Identifying instances in group 0x04 (local)
2026-04-07T11:44:01.640864Z OP Reading key=(op=0x02,gg=0x04,ii=0x00,rr=0x0004) dst=0x15
2026-04-07T11:44:01.640913Z START initiator=0xF7
2026-04-07T11:44:01.701916Z START_RESP started initiator=0xF7
2026-04-07T11:44:01.702179Z #47 SEND_PROTO src=0xF7 dst=0x15 primary=0xB5 secondary=0x24 payload=020004000400
2026-04-07T11:44:02.173326Z #47 PARSED_PROTO len=8 hex=030404000000a041
2026-04-07T11:44:02.173563Z OP Reading key=(op=0x02,gg=0x04,ii=0x01,rr=0x0004) dst=0x15
2026-04-07T11:44:02.173663Z START initiator=0xF7
2026-04-07T11:44:02.222409Z START_RESP started initiator=0xF7
2026-04-07T11:44:02.222553Z #48 SEND_PROTO src=0xF7 dst=0x15 primary=0xB5 secondary=0x24 payload=020004010400
2026-04-07T11:44:02.658616Z #48 PARSED_PROTO len=8 hex=020404000000a041
2026-04-07T11:44:02.659026Z OP Identifying instances in group 0x05 (local)
2026-04-07T11:44:02.659148Z OP Reading key=(op=0x02,gg=0x05,ii=0x00,rr=0x0004) dst=0x15
2026-04-07T11:44:02.659212Z START initiator=0xF7
2026-04-07T11:44:02.705657Z START_RESP started initiator=0xF7
2026-04-07T11:44:02.705767Z #49 SEND_PROTO src=0xF7 dst=0x15 primary=0xB5 secondary=0x24 payload=020005000400
2026-04-07T11:44:03.144055Z #49 PARSED_PROTO len=8 hex=0105040000c03942
2026-04-07T11:44:03.144299Z OP Reading key=(op=0x02,gg=0x05,ii=0x01,rr=0x0004) dst=0x15
2026-04-07T11:44:03.144357Z START initiator=0xF7
2026-04-07T11:44:03.194216Z START_RESP started initiator=0xF7
2026-04-07T11:44:03.194486Z #50 SEND_PROTO src=0xF7 dst=0x15 primary=0xB5 secondary=0x24 payload=020005010400
2026-04-07T11:44:03.610605Z #50 PARSED_PROTO len=8 hex=00050400ffffff7f
2026-04-07T11:44:03.610989Z OP Identifying instances in group 0x06 (local)
2026-04-07T11:44:03.611089Z OP Reading key=(op=0x02,gg=0x06,ii=0x00,rr=0x0000) dst=0x15
2026-04-07T11:44:03.611157Z START initiator=0xF7
2026-04-07T11:44:03.656088Z START_RESP started initiator=0xF7
2026-04-07T11:44:03.656321Z #51 SEND_PROTO src=0xF7 dst=0x15 primary=0xB5 secondary=0x24 payload=020006000000
2026-04-07T11:44:04.007566Z #51 PARSED_PROTO len=0 hex=
2026-04-07T11:44:04.007760Z OP Reading key=(op=0x02,gg=0x06,ii=0x01,rr=0x0000) dst=0x15
2026-04-07T11:44:04.007811Z START initiator=0xF7
2026-04-07T11:44:04.056862Z START_RESP started initiator=0xF7
2026-04-07T11:44:04.057115Z #52 SEND_PROTO src=0xF7 dst=0x15 primary=0xB5 secondary=0x24 payload=020006010000
2026-04-07T11:44:04.340325Z #52 PARSED_PROTO len=0 hex=
2026-04-07T11:44:04.340585Z OP Reading key=(op=0x02,gg=0x06,ii=0x02,rr=0x0000) dst=0x15
2026-04-07T11:44:04.340653Z START initiator=0xF7
2026-04-07T11:44:04.476502Z START_RESP started initiator=0xF7
2026-04-07T11:44:04.476722Z #53 SEND_PROTO src=0xF7 dst=0x15 primary=0xB5 secondary=0x24 payload=020006020000
2026-04-07T11:44:04.780190Z #53 PARSED_PROTO len=0 hex=
2026-04-07T11:44:04.780592Z OP Reading key=(op=0x02,gg=0x06,ii=0x03,rr=0x0000) dst=0x15
2026-04-07T11:44:04.780686Z START initiator=0xF7
2026-04-07T11:44:04.961808Z START_RESP started initiator=0xF7
2026-04-07T11:44:04.962061Z #54 SEND_PROTO src=0xF7 dst=0x15 primary=0xB5 secondary=0x24 payload=020006030000
2026-04-07T11:44:05.014177Z #54 RETRY type=collision n=1/10 sleep_ms=50
2026-04-07T11:44:05.014398Z START initiator=0xF7
2026-04-07T11:44:05.034874Z START_RESP started initiator=0xF7
2026-04-07T11:44:05.034998Z #54 SEND_PROTO src=0xF7 dst=0x15 primary=0xB5 secondary=0x24 payload=020006030000
2026-04-07T11:44:05.365182Z #54 PARSED_PROTO len=0 hex=
2026-04-07T11:44:05.365369Z OP Reading key=(op=0x02,gg=0x06,ii=0x04,rr=0x0000) dst=0x15
2026-04-07T11:44:05.365422Z START initiator=0xF7
2026-04-07T11:44:05.485392Z START_RESP started initiator=0xF7
2026-04-07T11:44:05.485632Z #55 SEND_PROTO src=0xF7 dst=0x15 primary=0xB5 secondary=0x24 payload=020006040000
2026-04-07T11:44:05.541278Z #55 RETRY type=collision n=1/10 sleep_ms=50
2026-04-07T11:44:05.541628Z START initiator=0xF7
2026-04-07T11:44:05.596348Z START_RESP started initiator=0xF7
2026-04-07T11:44:05.596442Z #55 SEND_PROTO src=0xF7 dst=0x15 primary=0xB5 secondary=0x24 payload=020006040000
2026-04-07T11:44:05.900791Z #55 PARSED_PROTO len=0 hex=
2026-04-07T11:44:05.900932Z OP Reading key=(op=0x02,gg=0x06,ii=0x05,rr=0x0000) dst=0x15
2026-04-07T11:44:05.900974Z START initiator=0xF7
2026-04-07T11:44:06.022776Z START_RESP started initiator=0xF7
2026-04-07T11:44:06.022882Z #56 SEND_PROTO src=0xF7 dst=0x15 primary=0xB5 secondary=0x24 payload=020006050000
2026-04-07T11:44:06.310018Z #56 PARSED_PROTO len=0 hex=
2026-04-07T11:44:06.310134Z OP Reading key=(op=0x02,gg=0x06,ii=0x06,rr=0x0000) dst=0x15
2026-04-07T11:44:06.310185Z START initiator=0xF7
2026-04-07T11:44:06.420715Z START_RESP started initiator=0xF7
2026-04-07T11:44:06.422034Z #57 SEND_PROTO src=0xF7 dst=0x15 primary=0xB5 secondary=0x24 payload=020006060000
2026-04-07T11:44:06.851154Z #57 PARSED_PROTO len=0 hex=
2026-04-07T11:44:06.851256Z OP Reading key=(op=0x02,gg=0x06,ii=0x07,rr=0x0000) dst=0x15
2026-04-07T11:44:06.851284Z START initiator=0xF7
2026-04-07T11:44:06.896381Z START_RESP failed winner=0x10
2026-04-07T11:44:06.947602Z #58 RETRY type=collision n=1/10 sleep_ms=50
2026-04-07T11:44:06.947656Z START initiator=0xF7
2026-04-07T11:44:07.058214Z START_RESP started initiator=0xF7
2026-04-07T11:44:07.058377Z #58 SEND_PROTO src=0xF7 dst=0x15 primary=0xB5 secondary=0x24 payload=020006070000
2026-04-07T11:44:07.122017Z #58 RETRY type=collision n=2/10 sleep_ms=50
2026-04-07T11:44:07.122105Z START initiator=0xF7
2026-04-07T11:44:07.177603Z START_RESP started initiator=0xF7
2026-04-07T11:44:07.177703Z #58 SEND_PROTO src=0xF7 dst=0x15 primary=0xB5 secondary=0x24 payload=020006070000
2026-04-07T11:44:07.627674Z #58 PARSED_PROTO len=0 hex=
2026-04-07T11:44:07.628005Z OP Reading key=(op=0x02,gg=0x06,ii=0x08,rr=0x0000) dst=0x15
2026-04-07T11:44:07.628106Z START initiator=0xF7
2026-04-07T11:44:07.673908Z START_RESP failed winner=0xF1
2026-04-07T11:44:07.726299Z #59 RETRY type=collision n=1/10 sleep_ms=50
2026-04-07T11:44:07.726450Z START initiator=0xF7
2026-04-07T11:44:07.771602Z START_RESP started initiator=0xF7
2026-04-07T11:44:07.771687Z #59 SEND_PROTO src=0xF7 dst=0x15 primary=0xB5 secondary=0x24 payload=020006080000
2026-04-07T11:44:08.192072Z #59 PARSED_PROTO len=0 hex=
2026-04-07T11:44:08.192173Z OP Reading key=(op=0x02,gg=0x06,ii=0x09,rr=0x0000) dst=0x15
2026-04-07T11:44:08.192202Z START initiator=0xF7
2026-04-07T11:44:08.257222Z START_RESP failed winner=0x10
2026-04-07T11:44:08.307617Z #60 RETRY type=collision n=1/10 sleep_ms=50
2026-04-07T11:44:08.307687Z START initiator=0xF7
2026-04-07T11:44:08.339459Z START_RESP started initiator=0xF7
2026-04-07T11:44:08.339498Z #60 SEND_PROTO src=0xF7 dst=0x15 primary=0xB5 secondary=0x24 payload=020006090000
2026-04-07T11:44:08.745508Z #60 PARSED_PROTO len=0 hex=
2026-04-07T11:44:08.745741Z OP Reading key=(op=0x02,gg=0x06,ii=0x0A,rr=0x0000) dst=0x15
2026-04-07T11:44:08.745813Z START initiator=0xF7
2026-04-07T11:44:08.841977Z START_RESP started initiator=0xF7
2026-04-07T11:44:08.842057Z #61 SEND_PROTO src=0xF7 dst=0x15 primary=0xB5 secondary=0x24 payload=0200060a0000
2026-04-07T11:44:09.225672Z #61 PARSED_PROTO len=0 hex=
2026-04-07T11:44:09.225873Z OP Identifying instances in group 0x07 (local)
2026-04-07T11:44:09.225916Z OP Reading key=(op=0x02,gg=0x07,ii=0x00,rr=0x0000) dst=0x15
2026-04-07T11:44:09.225939Z START initiator=0xF7
2026-04-07T11:44:09.280677Z START_RESP failed winner=0x10
2026-04-07T11:44:09.335920Z #62 RETRY type=collision n=1/10 sleep_ms=50
2026-04-07T11:44:09.335980Z START initiator=0xF7
2026-04-07T11:44:09.388700Z START_RESP started initiator=0xF7
2026-04-07T11:44:09.388744Z #62 SEND_PROTO src=0xF7 dst=0x15 primary=0xB5 secondary=0x24 payload=020007000000
2026-04-07T11:44:09.802863Z #62 PARSED_PROTO len=0 hex=
2026-04-07T11:44:09.803095Z OP Reading key=(op=0x02,gg=0x07,ii=0x01,rr=0x0000) dst=0x15
2026-04-07T11:44:09.803161Z START initiator=0xF7
2026-04-07T11:44:09.847823Z START_RESP started initiator=0xF7
2026-04-07T11:44:09.847895Z #63 SEND_PROTO src=0xF7 dst=0x15 primary=0xB5 secondary=0x24 payload=020007010000
2026-04-07T11:44:10.241813Z #63 PARSED_PROTO len=0 hex=
2026-04-07T11:44:10.242031Z OP Reading key=(op=0x02,gg=0x07,ii=0x02,rr=0x0000) dst=0x15
2026-04-07T11:44:10.242099Z START initiator=0xF7
2026-04-07T11:44:10.306058Z START_RESP failed winner=0x10
2026-04-07T11:44:10.358303Z #64 RETRY type=collision n=1/10 sleep_ms=50
2026-04-07T11:44:10.358356Z START initiator=0xF7
2026-04-07T11:44:10.419481Z START_RESP started initiator=0xF7
2026-04-07T11:44:10.419556Z #64 SEND_PROTO src=0xF7 dst=0x15 primary=0xB5 secondary=0x24 payload=020007020000
2026-04-07T11:44:10.786677Z #64 PARSED_PROTO len=0 hex=
2026-04-07T11:44:10.786791Z OP Reading key=(op=0x02,gg=0x07,ii=0x03,rr=0x0000) dst=0x15
2026-04-07T11:44:10.786829Z START initiator=0xF7
2026-04-07T11:44:10.834642Z START_RESP started initiator=0xF7
2026-04-07T11:44:10.834726Z #65 SEND_PROTO src=0xF7 dst=0x15 primary=0xB5 secondary=0x24 payload=020007030000
2026-04-07T11:44:11.124226Z #65 PARSED_PROTO len=0 hex=
2026-04-07T11:44:11.124388Z OP Reading key=(op=0x02,gg=0x07,ii=0x04,rr=0x0000) dst=0x15
2026-04-07T11:44:11.124435Z START initiator=0xF7
2026-04-07T11:44:11.253341Z START_RESP started initiator=0xF7
2026-04-07T11:44:11.253418Z #66 SEND_PROTO src=0xF7 dst=0x15 primary=0xB5 secondary=0x24 payload=020007040000
2026-04-07T11:44:11.312983Z #66 RETRY type=collision n=1/10 sleep_ms=50
2026-04-07T11:44:11.313051Z START initiator=0xF7
2026-04-07T11:44:11.512937Z START_RESP ebus_error=0x00
2026-04-07T11:44:11.568070Z #66 RETRY type=collision n=2/10 sleep_ms=50
2026-04-07T11:44:11.568122Z START initiator=0xF7
2026-04-07T11:44:11.878601Z START_RESP started initiator=0xF7
2026-04-07T11:44:11.878672Z #66 SEND_PROTO src=0xF7 dst=0x15 primary=0xB5 secondary=0x24 payload=020007040000
2026-04-07T11:44:12.178949Z #66 PARSED_PROTO len=0 hex=
2026-04-07T11:44:12.179050Z OP Reading key=(op=0x02,gg=0x07,ii=0x05,rr=0x0000) dst=0x15
2026-04-07T11:44:12.179085Z START initiator=0xF7
2026-04-07T11:44:12.302529Z START_RESP started initiator=0xF7
2026-04-07T11:44:12.302686Z #67 SEND_PROTO src=0xF7 dst=0x15 primary=0xB5 secondary=0x24 payload=020007050000
2026-04-07T11:44:12.354343Z #67 RETRY type=collision n=1/10 sleep_ms=50
2026-04-07T11:44:12.354443Z START initiator=0xF7
2026-04-07T11:44:12.413650Z START_RESP started initiator=0xF7
2026-04-07T11:44:12.413758Z #67 SEND_PROTO src=0xF7 dst=0x15 primary=0xB5 secondary=0x24 payload=020007050000
2026-04-07T11:44:12.707763Z #67 PARSED_PROTO len=0 hex=
2026-04-07T11:44:12.707898Z OP Reading key=(op=0x02,gg=0x07,ii=0x06,rr=0x0000) dst=0x15
2026-04-07T11:44:12.707930Z START initiator=0xF7
2026-04-07T11:44:12.826227Z START_RESP started initiator=0xF7
2026-04-07T11:44:12.826308Z #68 SEND_PROTO src=0xF7 dst=0x15 primary=0xB5 secondary=0x24 payload=020007060000
2026-04-07T11:44:12.878340Z #68 RETRY type=collision n=1/10 sleep_ms=50
2026-04-07T11:44:12.878421Z START initiator=0xF7
2026-04-07T11:44:12.942870Z START_RESP started initiator=0xF7
2026-04-07T11:44:12.943055Z #68 SEND_PROTO src=0xF7 dst=0x15 primary=0xB5 secondary=0x24 payload=020007060000
2026-04-07T11:44:13.386834Z #68 PARSED_PROTO len=0 hex=
2026-04-07T11:44:13.386956Z OP Reading key=(op=0x02,gg=0x07,ii=0x07,rr=0x0000) dst=0x15
2026-04-07T11:44:13.386995Z START initiator=0xF7
2026-04-07T11:44:13.431528Z START_RESP started initiator=0xF7
2026-04-07T11:44:13.431564Z #69 SEND_PROTO src=0xF7 dst=0x15 primary=0xB5 secondary=0x24 payload=020007070000
2026-04-07T11:44:13.762393Z #69 PARSED_PROTO len=0 hex=
2026-04-07T11:44:13.762491Z OP Reading key=(op=0x02,gg=0x07,ii=0x08,rr=0x0000) dst=0x15
2026-04-07T11:44:13.762522Z START initiator=0xF7
2026-04-07T11:44:13.874732Z START_RESP started initiator=0xF7
2026-04-07T11:44:13.874828Z #70 SEND_PROTO src=0xF7 dst=0x15 primary=0xB5 secondary=0x24 payload=020007080000
2026-04-07T11:44:13.929944Z #70 RETRY type=collision n=1/10 sleep_ms=50
2026-04-07T11:44:13.930030Z START initiator=0xF7
2026-04-07T11:44:14.493736Z START_RESP started initiator=0xF7
2026-04-07T11:44:14.493989Z #70 SEND_PROTO src=0xF7 dst=0x15 primary=0xB5 secondary=0x24 payload=020007080000
2026-04-07T11:44:14.784842Z #70 PARSED_PROTO len=0 hex=
2026-04-07T11:44:14.785075Z OP Reading key=(op=0x02,gg=0x07,ii=0x09,rr=0x0000) dst=0x15
2026-04-07T11:44:14.785143Z START initiator=0xF7
2026-04-07T11:44:14.922685Z START_RESP started initiator=0xF7
2026-04-07T11:44:14.922817Z #71 SEND_PROTO src=0xF7 dst=0x15 primary=0xB5 secondary=0x24 payload=020007090000
2026-04-07T11:44:14.987423Z #71 RETRY type=collision n=1/10 sleep_ms=50
2026-04-07T11:44:14.987555Z START initiator=0xF7
2026-04-07T11:44:15.034746Z START_RESP started initiator=0xF7
2026-04-07T11:44:15.034875Z #71 SEND_PROTO src=0xF7 dst=0x15 primary=0xB5 secondary=0x24 payload=020007090000
2026-04-07T11:44:15.333828Z #71 PARSED_PROTO len=0 hex=
2026-04-07T11:44:15.333927Z OP Reading key=(op=0x02,gg=0x07,ii=0x0A,rr=0x0000) dst=0x15
2026-04-07T11:44:15.333958Z START initiator=0xF7
2026-04-07T11:44:15.447479Z START_RESP failed winner=0xF1
2026-04-07T11:44:15.502590Z #72 RETRY type=collision n=1/10 sleep_ms=50
2026-04-07T11:44:15.502671Z START initiator=0xF7
2026-04-07T11:44:15.566844Z START_RESP failed winner=0x10
2026-04-07T11:44:15.617027Z #72 RETRY type=collision n=2/10 sleep_ms=50
2026-04-07T11:44:15.617077Z START initiator=0xF7
2026-04-07T11:44:15.684374Z START_RESP started initiator=0xF7
2026-04-07T11:44:15.684415Z #72 SEND_PROTO src=0xF7 dst=0x15 primary=0xB5 secondary=0x24 payload=0200070a0000
2026-04-07T11:44:16.075146Z #72 PARSED_PROTO len=0 hex=
2026-04-07T11:44:16.075600Z OP Identifying instances in group 0x08 (local)
2026-04-07T11:44:16.075692Z OP Reading key=(op=0x02,gg=0x08,ii=0x00,rr=0x0000) dst=0x15
2026-04-07T11:44:16.075759Z START initiator=0xF7
2026-04-07T11:44:16.177016Z START_RESP started initiator=0xF7
2026-04-07T11:44:16.177137Z #73 SEND_PROTO src=0xF7 dst=0x15 primary=0xB5 secondary=0x24 payload=020008000000
2026-04-07T11:44:16.577740Z #73 PARSED_PROTO len=0 hex=
2026-04-07T11:44:16.577890Z OP Reading key=(op=0x02,gg=0x08,ii=0x01,rr=0x0000) dst=0x15
2026-04-07T11:44:16.577918Z START initiator=0xF7
2026-04-07T11:44:16.624980Z START_RESP failed winner=0x10
2026-04-07T11:44:16.675709Z #74 RETRY type=collision n=1/10 sleep_ms=50
2026-04-07T11:44:16.675770Z START initiator=0xF7
2026-04-07T11:44:16.740870Z START_RESP started initiator=0xF7
2026-04-07T11:44:16.740905Z #74 SEND_PROTO src=0xF7 dst=0x15 primary=0xB5 secondary=0x24 payload=020008010000
2026-04-07T11:44:17.130256Z #74 PARSED_PROTO len=0 hex=
2026-04-07T11:44:17.130527Z OP Reading key=(op=0x02,gg=0x08,ii=0x02,rr=0x0000) dst=0x15
2026-04-07T11:44:17.130606Z START initiator=0xF7
2026-04-07T11:44:17.242521Z START_RESP started initiator=0xF7
2026-04-07T11:44:17.242603Z #75 SEND_PROTO src=0xF7 dst=0x15 primary=0xB5 secondary=0x24 payload=020008020000
2026-04-07T11:44:17.626357Z #75 PARSED_PROTO len=0 hex=
2026-04-07T11:44:17.626520Z OP Reading key=(op=0x02,gg=0x08,ii=0x03,rr=0x0000) dst=0x15
2026-04-07T11:44:17.626566Z START initiator=0xF7
2026-04-07T11:44:17.677712Z START_RESP failed winner=0x10
2026-04-07T11:44:17.729055Z #76 RETRY type=collision n=1/10 sleep_ms=50
2026-04-07T11:44:17.729113Z START initiator=0xF7
2026-04-07T11:44:17.770240Z START_RESP started initiator=0xF7
2026-04-07T11:44:17.770283Z #76 SEND_PROTO src=0xF7 dst=0x15 primary=0xB5 secondary=0x24 payload=020008030000
2026-04-07T11:44:18.116145Z #76 PARSED_PROTO len=0 hex=
2026-04-07T11:44:18.116265Z OP Reading key=(op=0x02,gg=0x08,ii=0x04,rr=0x0000) dst=0x15
2026-04-07T11:44:18.116304Z START initiator=0xF7
2026-04-07T11:44:18.218465Z START_RESP started initiator=0xF7
2026-04-07T11:44:18.218535Z #77 SEND_PROTO src=0xF7 dst=0x15 primary=0xB5 secondary=0x24 payload=020008040000
2026-04-07T11:44:18.609654Z #77 PARSED_PROTO len=0 hex=
2026-04-07T11:44:18.609769Z OP Reading key=(op=0x02,gg=0x08,ii=0x05,rr=0x0000) dst=0x15
2026-04-07T11:44:18.609804Z START initiator=0xF7
2026-04-07T11:44:18.657164Z START_RESP failed winner=0x10
2026-04-07T11:44:18.712249Z #78 RETRY type=collision n=1/10 sleep_ms=50
2026-04-07T11:44:18.712392Z START initiator=0xF7
2026-04-07T11:44:18.756209Z START_RESP started initiator=0xF7
2026-04-07T11:44:18.756245Z #78 SEND_PROTO src=0xF7 dst=0x15 primary=0xB5 secondary=0x24 payload=020008050000
2026-04-07T11:44:19.152566Z #78 PARSED_PROTO len=0 hex=
2026-04-07T11:44:19.152682Z OP Reading key=(op=0x02,gg=0x08,ii=0x06,rr=0x0000) dst=0x15
2026-04-07T11:44:19.152717Z START initiator=0xF7
2026-04-07T11:44:19.262782Z START_RESP started initiator=0xF7
2026-04-07T11:44:19.262882Z #79 SEND_PROTO src=0xF7 dst=0x15 primary=0xB5 secondary=0x24 payload=020008060000
2026-04-07T11:44:19.687035Z #79 PARSED_PROTO len=0 hex=
2026-04-07T11:44:19.687125Z OP Reading key=(op=0x02,gg=0x08,ii=0x07,rr=0x0000) dst=0x15
2026-04-07T11:44:19.687165Z START initiator=0xF7
2026-04-07T11:44:19.730713Z START_RESP failed winner=0x10
2026-04-07T11:44:19.785799Z #80 RETRY type=collision n=1/10 sleep_ms=50
2026-04-07T11:44:19.785857Z START initiator=0xF7
2026-04-07T11:44:19.837922Z START_RESP failed winner=0xF1
2026-04-07T11:44:19.892330Z #80 RETRY type=collision n=2/10 sleep_ms=50
2026-04-07T11:44:19.892381Z START initiator=0xF7
2026-04-07T11:44:19.942731Z START_RESP started initiator=0xF7
2026-04-07T11:44:19.942881Z #80 SEND_PROTO src=0xF7 dst=0x15 primary=0xB5 secondary=0x24 payload=020008070000
2026-04-07T11:44:20.769431Z #80 RETRY type=timeout n=1/2
2026-04-07T11:44:20.769574Z START initiator=0xF7
2026-04-07T11:44:20.816866Z START_RESP failed winner=0xF1
2026-04-07T11:44:20.871977Z #80 RETRY type=collision n=3/10 sleep_ms=50
2026-04-07T11:44:20.872089Z START initiator=0xF7
2026-04-07T11:44:20.922162Z START_RESP failed winner=0x10
2026-04-07T11:44:20.974914Z #80 RETRY type=collision n=4/10 sleep_ms=50
2026-04-07T11:44:20.975027Z START initiator=0xF7
2026-04-07T11:44:21.034433Z START_RESP started initiator=0xF7
2026-04-07T11:44:21.034490Z #80 SEND_PROTO src=0xF7 dst=0x15 primary=0xB5 secondary=0x24 payload=020008070000
2026-04-07T11:44:21.901787Z #80 RETRY type=timeout n=2/2
2026-04-07T11:44:21.901874Z START initiator=0xF7
2026-04-07T11:44:22.002300Z START_RESP started initiator=0xF7
2026-04-07T11:44:22.002352Z #80 SEND_PROTO src=0xF7 dst=0x15 primary=0xB5 secondary=0x24 payload=020008070000
2026-04-07T11:44:22.890379Z INIT features=0x01
2026-04-07T11:44:22.901059Z INIT_RESP reset features=0x01
2026-04-07T11:44:23.004114Z START_RESP started initiator=0xF7
2026-04-07T11:44:23.004185Z #81 SEND_PROTO src=0xF7 dst=0x15 primary=0xB5 secondary=0x24 payload=020008080000
2026-04-07T11:44:23.438636Z #81 PARSED_PROTO len=0 hex=
2026-04-07T11:44:23.438766Z OP Reading key=(op=0x02,gg=0x08,ii=0x09,rr=0x0000) dst=0x15
2026-04-07T11:44:23.438806Z START initiator=0xF7
2026-04-07T11:44:23.540558Z START_RESP failed winner=0xF1
2026-04-07T11:44:23.593157Z #82 RETRY type=collision n=1/10 sleep_ms=50
2026-04-07T11:44:23.593307Z START initiator=0xF7
2026-04-07T11:44:23.646276Z START_RESP started initiator=0xF7
2026-04-07T11:44:23.646321Z #82 SEND_PROTO src=0xF7 dst=0x15 primary=0xB5 secondary=0x24 payload=020008090000
2026-04-07T11:44:24.040450Z #82 PARSED_PROTO len=0 hex=
2026-04-07T11:44:24.040564Z OP Reading key=(op=0x02,gg=0x08,ii=0x0A,rr=0x0000) dst=0x15
2026-04-07T11:44:24.040601Z START initiator=0xF7
2026-04-07T11:44:24.088551Z START_RESP failed winner=0xF1
2026-04-07T11:44:24.139801Z #83 RETRY type=collision n=1/10 sleep_ms=50
2026-04-07T11:44:24.139902Z START initiator=0xF7
2026-04-07T11:44:24.183227Z START_RESP failed winner=0x10
2026-04-07T11:44:24.238227Z #83 RETRY type=collision n=2/10 sleep_ms=50
2026-04-07T11:44:24.238283Z START initiator=0xF7
2026-04-07T11:44:24.257624Z START_RESP started initiator=0xF7
2026-04-07T11:44:24.257664Z #83 SEND_PROTO src=0xF7 dst=0x15 primary=0xB5 secondary=0x24 payload=0200080a0000
2026-04-07T11:44:24.648585Z #83 PARSED_PROTO len=0 hex=
2026-04-07T11:44:24.648759Z OP Identifying instances in group 0x09 (local)
2026-04-07T11:44:24.648808Z OP Reading key=(op=0x02,gg=0x09,ii=0x00,rr=0x0001) dst=0x15
2026-04-07T11:44:24.648836Z START initiator=0xF7
2026-04-07T11:44:24.749126Z START_RESP started initiator=0xF7
2026-04-07T11:44:24.749175Z #84 SEND_PROTO src=0xF7 dst=0x15 primary=0xB5 secondary=0x24 payload=020009000100
2026-04-07T11:44:25.178595Z #84 PARSED_PROTO len=6 hex=020901000000
2026-04-07T11:44:25.178732Z OP Reading key=(op=0x02,gg=0x09,ii=0x01,rr=0x0001) dst=0x15
2026-04-07T11:44:25.178768Z START initiator=0xF7
2026-04-07T11:44:25.225567Z START_RESP failed winner=0x10
2026-04-07T11:44:25.275812Z #85 RETRY type=collision n=1/10 sleep_ms=50
2026-04-07T11:44:25.275896Z START initiator=0xF7
2026-04-07T11:44:25.300065Z START_RESP started initiator=0xF7
2026-04-07T11:44:25.300102Z #85 SEND_PROTO src=0xF7 dst=0x15 primary=0xB5 secondary=0x24 payload=020009010100
2026-04-07T11:44:25.709710Z #85 PARSED_PROTO len=6 hex=020901000000
2026-04-07T11:44:25.709842Z OP Reading key=(op=0x02,gg=0x09,ii=0x02,rr=0x0001) dst=0x15
2026-04-07T11:44:25.709877Z START initiator=0xF7
2026-04-07T11:44:25.810677Z START_RESP started initiator=0xF7
2026-04-07T11:44:25.810741Z #86 SEND_PROTO src=0xF7 dst=0x15 primary=0xB5 secondary=0x24 payload=020009020100
2026-04-07T11:44:26.207326Z #86 PARSED_PROTO len=6 hex=020901000000
2026-04-07T11:44:26.207427Z OP Reading key=(op=0x02,gg=0x09,ii=0x03,rr=0x0001) dst=0x15
2026-04-07T11:44:26.207456Z START initiator=0xF7
2026-04-07T11:44:26.254239Z START_RESP failed winner=0x10
2026-04-07T11:44:26.305144Z #87 RETRY type=collision n=1/10 sleep_ms=50
2026-04-07T11:44:26.305211Z START initiator=0xF7
2026-04-07T11:44:26.360608Z START_RESP started initiator=0xF7
2026-04-07T11:44:26.360697Z #87 SEND_PROTO src=0xF7 dst=0x15 primary=0xB5 secondary=0x24 payload=020009030100
2026-04-07T11:44:26.505156Z #87 RETRY type=collision n=2/10 sleep_ms=50
2026-04-07T11:44:26.505240Z START initiator=0xF7
2026-04-07T11:44:26.560056Z START_RESP started initiator=0xF7
2026-04-07T11:44:26.560117Z #87 SEND_PROTO src=0xF7 dst=0x15 primary=0xB5 secondary=0x24 payload=020009030100
2026-04-07T11:44:27.003989Z #87 PARSED_PROTO len=6 hex=020901000000
2026-04-07T11:44:27.004230Z OP Reading key=(op=0x02,gg=0x09,ii=0x04,rr=0x0001) dst=0x15
2026-04-07T11:44:27.004290Z START initiator=0xF7
2026-04-07T11:44:27.054871Z START_RESP failed winner=0xF1
2026-04-07T11:44:27.105182Z #88 RETRY type=collision n=1/10 sleep_ms=50
2026-04-07T11:44:27.105289Z START initiator=0xF7
2026-04-07T11:44:27.150379Z START_RESP started initiator=0xF7
2026-04-07T11:44:27.150444Z #88 SEND_PROTO src=0xF7 dst=0x15 primary=0xB5 secondary=0x24 payload=020009040100
2026-04-07T11:44:27.544114Z #88 PARSED_PROTO len=6 hex=020901000000
2026-04-07T11:44:27.544378Z OP Reading key=(op=0x02,gg=0x09,ii=0x05,rr=0x0001) dst=0x15
2026-04-07T11:44:27.544440Z START initiator=0xF7
2026-04-07T11:44:27.613273Z START_RESP failed winner=0x03
2026-04-07T11:44:27.665340Z #89 RETRY type=collision n=1/10 sleep_ms=50
2026-04-07T11:44:27.665458Z START initiator=0xF7
2026-04-07T11:44:27.713226Z START_RESP started initiator=0xF7
2026-04-07T11:44:27.713449Z #89 SEND_PROTO src=0xF7 dst=0x15 primary=0xB5 secondary=0x24 payload=020009050100
2026-04-07T11:44:28.071364Z #89 PARSED_PROTO len=6 hex=020901000000
2026-04-07T11:44:28.071641Z OP Reading key=(op=0x02,gg=0x09,ii=0x06,rr=0x0001) dst=0x15
2026-04-07T11:44:28.071717Z START initiator=0xF7
2026-04-07T11:44:28.121650Z START_RESP started initiator=0xF7
2026-04-07T11:44:28.121917Z #90 SEND_PROTO src=0xF7 dst=0x15 primary=0xB5 secondary=0x24 payload=020009060100
2026-04-07T11:44:28.440808Z #90 PARSED_PROTO len=6 hex=020901000000
2026-04-07T11:44:28.440958Z OP Reading key=(op=0x02,gg=0x09,ii=0x07,rr=0x0001) dst=0x15
2026-04-07T11:44:28.441012Z START initiator=0xF7
2026-04-07T11:44:28.555378Z START_RESP failed winner=0x10
2026-04-07T11:44:28.610080Z #91 RETRY type=collision n=1/10 sleep_ms=50
2026-04-07T11:44:28.610246Z START initiator=0xF7
2026-04-07T11:44:28.647130Z START_RESP started initiator=0xF7
2026-04-07T11:44:28.647237Z #91 SEND_PROTO src=0xF7 dst=0x15 primary=0xB5 secondary=0x24 payload=020009070100
2026-04-07T11:44:29.077660Z #91 PARSED_PROTO len=6 hex=020901000000
2026-04-07T11:44:29.077851Z OP Reading key=(op=0x02,gg=0x09,ii=0x08,rr=0x0001) dst=0x15
2026-04-07T11:44:29.077899Z START initiator=0xF7
2026-04-07T11:44:29.196966Z START_RESP started initiator=0xF7
2026-04-07T11:44:29.197219Z #92 SEND_PROTO src=0xF7 dst=0x15 primary=0xB5 secondary=0x24 payload=020009080100
2026-04-07T11:44:29.602414Z #92 PARSED_PROTO len=6 hex=020901000000
2026-04-07T11:44:29.602607Z OP Reading key=(op=0x02,gg=0x09,ii=0x09,rr=0x0001) dst=0x15
2026-04-07T11:44:29.602663Z START initiator=0xF7
2026-04-07T11:44:29.659154Z START_RESP failed winner=0x10
2026-04-07T11:44:29.714347Z #93 RETRY type=collision n=1/10 sleep_ms=50
2026-04-07T11:44:29.714431Z START initiator=0xF7
2026-04-07T11:44:29.759668Z START_RESP started initiator=0xF7
2026-04-07T11:44:29.759854Z #93 SEND_PROTO src=0xF7 dst=0x15 primary=0xB5 secondary=0x24 payload=020009090100
2026-04-07T11:44:30.171330Z #93 PARSED_PROTO len=6 hex=020901000000
2026-04-07T11:44:30.171695Z OP Reading key=(op=0x02,gg=0x09,ii=0x0A,rr=0x0001) dst=0x15
2026-04-07T11:44:30.171796Z START initiator=0xF7
2026-04-07T11:44:30.219062Z START_RESP started initiator=0xF7
2026-04-07T11:44:30.219297Z #94 SEND_PROTO src=0xF7 dst=0x15 primary=0xB5 secondary=0x24 payload=0200090a0100
2026-04-07T11:44:30.536725Z #94 PARSED_PROTO len=6 hex=020901000000
2026-04-07T11:44:30.536981Z OP Identifying instances in group 0x0A (local)
2026-04-07T11:44:30.537039Z OP Reading key=(op=0x02,gg=0x0A,ii=0x00,rr=0x0001) dst=0x15
2026-04-07T11:44:30.537069Z START initiator=0xF7
2026-04-07T11:44:30.653220Z START_RESP failed winner=0x10
2026-04-07T11:44:30.707866Z #95 RETRY type=collision n=1/10 sleep_ms=50
2026-04-07T11:44:30.707974Z START initiator=0xF7
2026-04-07T11:44:30.742359Z START_RESP started initiator=0xF7
2026-04-07T11:44:30.742569Z #95 SEND_PROTO src=0xF7 dst=0x15 primary=0xB5 secondary=0x24 payload=02000a000100
2026-04-07T11:44:31.067935Z #95 PARSED_PROTO len=5 hex=030a010000
2026-04-07T11:44:31.068222Z OP Reading key=(op=0x02,gg=0x0A,ii=0x01,rr=0x0001) dst=0x15
2026-04-07T11:44:31.068280Z START initiator=0xF7
2026-04-07T11:44:31.176813Z START_RESP started initiator=0xF7
2026-04-07T11:44:31.176959Z #96 SEND_PROTO src=0xF7 dst=0x15 primary=0xB5 secondary=0x24 payload=02000a010100
2026-04-07T11:44:31.230642Z #96 RETRY type=collision n=1/10 sleep_ms=50
2026-04-07T11:44:31.230916Z START initiator=0xF7
2026-04-07T11:44:31.295565Z START_RESP started initiator=0xF7
2026-04-07T11:44:31.295688Z #96 SEND_PROTO src=0xF7 dst=0x15 primary=0xB5 secondary=0x24 payload=02000a010100
2026-04-07T11:44:31.700445Z #96 PARSED_PROTO len=5 hex=030a010000
2026-04-07T11:44:31.700861Z OP Reading key=(op=0x02,gg=0x0A,ii=0x02,rr=0x0001) dst=0x15
2026-04-07T11:44:31.700972Z START initiator=0xF7
2026-04-07T11:44:31.731179Z START_RESP started initiator=0xF7
2026-04-07T11:44:31.731267Z #97 SEND_PROTO src=0xF7 dst=0x15 primary=0xB5 secondary=0x24 payload=02000a020100
2026-04-07T11:44:32.054582Z #97 PARSED_PROTO len=5 hex=030a010000
2026-04-07T11:44:32.054972Z OP Reading key=(op=0x02,gg=0x0A,ii=0x03,rr=0x0001) dst=0x15
2026-04-07T11:44:32.055064Z START initiator=0xF7
2026-04-07T11:44:32.115944Z START_RESP started initiator=0xF7
2026-04-07T11:44:32.116079Z #98 SEND_PROTO src=0xF7 dst=0x15 primary=0xB5 secondary=0x24 payload=02000a030100
2026-04-07T11:44:32.581736Z #98 PARSED_PROTO len=5 hex=030a010000
2026-04-07T11:44:32.582104Z OP Reading key=(op=0x02,gg=0x0A,ii=0x04,rr=0x0001) dst=0x15
2026-04-07T11:44:32.582176Z START initiator=0xF7
2026-04-07T11:44:32.634704Z START_RESP failed winner=0x10
2026-04-07T11:44:32.688819Z #99 RETRY type=collision n=1/10 sleep_ms=50
2026-04-07T11:44:32.688939Z START initiator=0xF7
2026-04-07T11:44:32.790886Z START_RESP started initiator=0xF7
2026-04-07T11:44:32.791075Z #99 SEND_PROTO src=0xF7 dst=0x15 primary=0xB5 secondary=0x24 payload=02000a040100
2026-04-07T11:44:33.093803Z #99 PARSED_PROTO len=5 hex=030a010000
2026-04-07T11:44:33.093999Z OP Reading key=(op=0x02,gg=0x0A,ii=0x05,rr=0x0001) dst=0x15
2026-04-07T11:44:33.094058Z START initiator=0xF7
2026-04-07T11:44:33.143613Z START_RESP started initiator=0xF7
2026-04-07T11:44:33.143857Z #100 SEND_PROTO src=0xF7 dst=0x15 primary=0xB5 secondary=0x24 payload=02000a050100
2026-04-07T11:44:33.576301Z #100 PARSED_PROTO len=5 hex=030a010000
2026-04-07T11:44:33.576509Z OP Reading key=(op=0x02,gg=0x0A,ii=0x06,rr=0x0001) dst=0x15
2026-04-07T11:44:33.576571Z START initiator=0xF7
2026-04-07T11:44:33.623262Z START_RESP started initiator=0xF7
2026-04-07T11:44:33.623374Z #101 SEND_PROTO src=0xF7 dst=0x15 primary=0xB5 secondary=0x24 payload=02000a060100
2026-04-07T11:44:34.064677Z #101 PARSED_PROTO len=5 hex=030a010000
2026-04-07T11:44:34.065028Z OP Reading key=(op=0x02,gg=0x0A,ii=0x07,rr=0x0001) dst=0x15
2026-04-07T11:44:34.065116Z START initiator=0xF7
2026-04-07T11:44:34.111318Z START_RESP started initiator=0xF7
2026-04-07T11:44:34.111494Z #102 SEND_PROTO src=0xF7 dst=0x15 primary=0xB5 secondary=0x24 payload=02000a070100
2026-04-07T11:44:34.521892Z #102 PARSED_PROTO len=5 hex=030a010000
2026-04-07T11:44:34.522121Z OP Reading key=(op=0x02,gg=0x0A,ii=0x08,rr=0x0001) dst=0x15
2026-04-07T11:44:34.522186Z START initiator=0xF7
2026-04-07T11:44:34.569535Z START_RESP started initiator=0xF7
2026-04-07T11:44:34.569634Z #103 SEND_PROTO src=0xF7 dst=0x15 primary=0xB5 secondary=0x24 payload=02000a080100
2026-04-07T11:44:35.088908Z #103 PARSED_PROTO len=5 hex=030a010000
2026-04-07T11:44:35.089102Z OP Reading key=(op=0x02,gg=0x0A,ii=0x09,rr=0x0001) dst=0x15
2026-04-07T11:44:35.089154Z START initiator=0xF7
2026-04-07T11:44:35.208204Z START_RESP started initiator=0xF7
2026-04-07T11:44:35.208287Z #104 SEND_PROTO src=0xF7 dst=0x15 primary=0xB5 secondary=0x24 payload=02000a090100
2026-04-07T11:44:35.662642Z #104 PARSED_PROTO len=5 hex=030a010000
2026-04-07T11:44:35.663107Z OP Reading key=(op=0x02,gg=0x0A,ii=0x0A,rr=0x0001) dst=0x15
2026-04-07T11:44:35.663239Z START initiator=0xF7
2026-04-07T11:44:35.710069Z START_RESP started initiator=0xF7
2026-04-07T11:44:35.710639Z #105 SEND_PROTO src=0xF7 dst=0x15 primary=0xB5 secondary=0x24 payload=02000a0a0100
2026-04-07T11:44:36.120404Z #105 PARSED_PROTO len=5 hex=030a010000
2026-04-07T11:44:36.120773Z OP Identifying instances in group 0x0B (local)
2026-04-07T11:44:36.120849Z OP Reading key=(op=0x02,gg=0x0B,ii=0x00,rr=0x0000) dst=0x15
2026-04-07T11:44:36.120896Z START initiator=0xF7
2026-04-07T11:44:36.167818Z START_RESP failed winner=0x10
2026-04-07T11:44:36.219932Z #106 RETRY type=collision n=1/10 sleep_ms=50
2026-04-07T11:44:36.220092Z START initiator=0xF7
2026-04-07T11:44:36.314010Z START_RESP started initiator=0xF7
2026-04-07T11:44:36.314308Z #106 SEND_PROTO src=0xF7 dst=0x15 primary=0xB5 secondary=0x24 payload=02000b000000
2026-04-07T11:44:36.472981Z #106 RETRY type=collision n=2/10 sleep_ms=50
2026-04-07T11:44:36.473243Z START initiator=0xF7
2026-04-07T11:44:36.521547Z START_RESP started initiator=0xF7
2026-04-07T11:44:36.521762Z #106 SEND_PROTO src=0xF7 dst=0x15 primary=0xB5 secondary=0x24 payload=02000b000000
2026-04-07T11:44:36.826805Z #106 PARSED_PROTO len=0 hex=
2026-04-07T11:44:36.827014Z OP Reading key=(op=0x02,gg=0x0B,ii=0x01,rr=0x0000) dst=0x15
2026-04-07T11:44:36.827067Z START initiator=0xF7
2026-04-07T11:44:36.940463Z START_RESP started initiator=0xF7
2026-04-07T11:44:36.940701Z #107 SEND_PROTO src=0xF7 dst=0x15 primary=0xB5 secondary=0x24 payload=02000b010000
2026-04-07T11:44:37.263846Z #107 PARSED_PROTO len=0 hex=
2026-04-07T11:44:37.264051Z OP Reading key=(op=0x02,gg=0x0B,ii=0x02,rr=0x0000) dst=0x15
2026-04-07T11:44:37.264107Z START initiator=0xF7
2026-04-07T11:44:37.314291Z START_RESP started initiator=0xF7
2026-04-07T11:44:37.314458Z #108 SEND_PROTO src=0xF7 dst=0x15 primary=0xB5 secondary=0x24 payload=02000b020000
2026-04-07T11:44:37.698015Z #108 PARSED_PROTO len=0 hex=
2026-04-07T11:44:37.698347Z OP Reading key=(op=0x02,gg=0x0B,ii=0x03,rr=0x0000) dst=0x15
2026-04-07T11:44:37.698433Z START initiator=0xF7
2026-04-07T11:44:37.746345Z START_RESP failed winner=0x10
2026-04-07T11:44:37.798667Z #109 RETRY type=collision n=1/10 sleep_ms=50
2026-04-07T11:44:37.798862Z START initiator=0xF7
2026-04-07T11:44:37.856694Z START_RESP started initiator=0xF7
2026-04-07T11:44:37.856863Z #109 SEND_PROTO src=0xF7 dst=0x15 primary=0xB5 secondary=0x24 payload=02000b030000
2026-04-07T11:44:38.287102Z #109 PARSED_PROTO len=0 hex=
2026-04-07T11:44:38.287277Z OP Reading key=(op=0x02,gg=0x0B,ii=0x04,rr=0x0000) dst=0x15
2026-04-07T11:44:38.287315Z START initiator=0xF7
2026-04-07T11:44:38.338079Z START_RESP started initiator=0xF7
2026-04-07T11:44:38.338236Z #110 SEND_PROTO src=0xF7 dst=0x15 primary=0xB5 secondary=0x24 payload=02000b040000
2026-04-07T11:44:38.729284Z #110 PARSED_PROTO len=0 hex=
2026-04-07T11:44:38.729468Z OP Reading key=(op=0x02,gg=0x0B,ii=0x05,rr=0x0000) dst=0x15
2026-04-07T11:44:38.729517Z START initiator=0xF7
2026-04-07T11:44:38.777445Z START_RESP failed winner=0x10
2026-04-07T11:44:38.828298Z #111 RETRY type=collision n=1/10 sleep_ms=50
2026-04-07T11:44:38.828419Z START initiator=0xF7
2026-04-07T11:44:38.896092Z START_RESP started initiator=0xF7
2026-04-07T11:44:38.896305Z #111 SEND_PROTO src=0xF7 dst=0x15 primary=0xB5 secondary=0x24 payload=02000b050000
2026-04-07T11:44:39.291201Z #111 PARSED_PROTO len=0 hex=
2026-04-07T11:44:39.291466Z OP Reading key=(op=0x02,gg=0x0B,ii=0x06,rr=0x0000) dst=0x15
2026-04-07T11:44:39.291542Z START initiator=0xF7
2026-04-07T11:44:39.339417Z START_RESP started initiator=0xF7
2026-04-07T11:44:39.339491Z #112 SEND_PROTO src=0xF7 dst=0x15 primary=0xB5 secondary=0x24 payload=02000b060000
2026-04-07T11:44:39.722942Z #112 PARSED_PROTO len=0 hex=
2026-04-07T11:44:39.723152Z OP Reading key=(op=0x02,gg=0x0B,ii=0x07,rr=0x0000) dst=0x15
2026-04-07T11:44:39.723216Z START initiator=0xF7
2026-04-07T11:44:39.771962Z START_RESP failed winner=0x10
2026-04-07T11:44:39.827144Z #113 RETRY type=collision n=1/10 sleep_ms=50
2026-04-07T11:44:39.827362Z START initiator=0xF7
2026-04-07T11:44:39.896973Z START_RESP started initiator=0xF7
2026-04-07T11:44:39.897048Z #113 SEND_PROTO src=0xF7 dst=0x15 primary=0xB5 secondary=0x24 payload=02000b070000
2026-04-07T11:44:40.284238Z #113 PARSED_PROTO len=0 hex=
2026-04-07T11:44:40.284524Z OP Reading key=(op=0x02,gg=0x0B,ii=0x08,rr=0x0000) dst=0x15
2026-04-07T11:44:40.284600Z START initiator=0xF7
2026-04-07T11:44:40.332291Z START_RESP started initiator=0xF7
2026-04-07T11:44:40.332534Z #114 SEND_PROTO src=0xF7 dst=0x15 primary=0xB5 secondary=0x24 payload=02000b080000
2026-04-07T11:44:40.708635Z #114 PARSED_PROTO len=0 hex=
2026-04-07T11:44:40.708757Z OP Reading key=(op=0x02,gg=0x0B,ii=0x09,rr=0x0000) dst=0x15
2026-04-07T11:44:40.708790Z START initiator=0xF7
2026-04-07T11:44:40.780726Z START_RESP started initiator=0xF7
2026-04-07T11:44:40.780938Z #115 SEND_PROTO src=0xF7 dst=0x15 primary=0xB5 secondary=0x24 payload=02000b090000
2026-04-07T11:44:41.150751Z #115 PARSED_PROTO len=0 hex=
2026-04-07T11:44:41.150938Z OP Reading key=(op=0x02,gg=0x0B,ii=0x0A,rr=0x0000) dst=0x15
2026-04-07T11:44:41.150985Z START initiator=0xF7
2026-04-07T11:44:41.195039Z START_RESP started initiator=0xF7
2026-04-07T11:44:41.195227Z #116 SEND_PROTO src=0xF7 dst=0x15 primary=0xB5 secondary=0x24 payload=02000b0a0000
2026-04-07T11:44:41.485507Z #116 PARSED_PROTO len=0 hex=
2026-04-07T11:44:41.485678Z OP Identifying instances in group 0x0C (local)
2026-04-07T11:44:41.485714Z OP Reading key=(op=0x02,gg=0x0C,ii=0x00,rr=0x0000) dst=0x15
2026-04-07T11:44:41.485736Z START initiator=0xF7
2026-04-07T11:44:41.532571Z START_RESP started initiator=0xF7
2026-04-07T11:44:41.532731Z #117 SEND_PROTO src=0xF7 dst=0x15 primary=0xB5 secondary=0x24 payload=02000c000000
2026-04-07T11:44:41.907401Z #117 PARSED_PROTO len=0 hex=
2026-04-07T11:44:41.907510Z OP Reading key=(op=0x02,gg=0x0C,ii=0x01,rr=0x0000) dst=0x15
2026-04-07T11:44:41.907549Z START initiator=0xF7
2026-04-07T11:44:41.954789Z START_RESP started initiator=0xF7
2026-04-07T11:44:41.954930Z #118 SEND_PROTO src=0xF7 dst=0x15 primary=0xB5 secondary=0x24 payload=02000c010000
2026-04-07T11:44:42.324385Z #118 PARSED_PROTO len=0 hex=
2026-04-07T11:44:42.324521Z OP Reading key=(op=0x02,gg=0x0C,ii=0x02,rr=0x0000) dst=0x15
2026-04-07T11:44:42.324560Z START initiator=0xF7
2026-04-07T11:44:42.426371Z START_RESP started initiator=0xF7
2026-04-07T11:44:42.426485Z #119 SEND_PROTO src=0xF7 dst=0x15 primary=0xB5 secondary=0x24 payload=02000c020000
2026-04-07T11:44:42.810068Z #119 PARSED_PROTO len=0 hex=
2026-04-07T11:44:42.810476Z OP Reading key=(op=0x02,gg=0x0C,ii=0x03,rr=0x0000) dst=0x15
2026-04-07T11:44:42.810588Z START initiator=0xF7
2026-04-07T11:44:42.859295Z START_RESP failed winner=0xF1
2026-04-07T11:44:42.914541Z #120 RETRY type=collision n=1/10 sleep_ms=50
2026-04-07T11:44:42.914730Z START initiator=0xF7
2026-04-07T11:44:42.972971Z START_RESP started initiator=0xF7
2026-04-07T11:44:42.973213Z #120 SEND_PROTO src=0xF7 dst=0x15 primary=0xB5 secondary=0x24 payload=02000c030000
2026-04-07T11:44:43.366093Z #120 PARSED_PROTO len=0 hex=
2026-04-07T11:44:43.366486Z OP Reading key=(op=0x02,gg=0x0C,ii=0x04,rr=0x0000) dst=0x15
2026-04-07T11:44:43.366634Z START initiator=0xF7
2026-04-07T11:44:43.418601Z START_RESP failed winner=0xF1
2026-04-07T11:44:43.470680Z #121 RETRY type=collision n=1/10 sleep_ms=50
2026-04-07T11:44:43.470730Z START initiator=0xF7
2026-04-07T11:44:43.550652Z START_RESP started initiator=0xF7
2026-04-07T11:44:43.550951Z #121 SEND_PROTO src=0xF7 dst=0x15 primary=0xB5 secondary=0x24 payload=02000c040000
2026-04-07T11:44:43.950395Z #121 PARSED_PROTO len=0 hex=
2026-04-07T11:44:43.950813Z OP Reading key=(op=0x02,gg=0x0C,ii=0x05,rr=0x0000) dst=0x15
2026-04-07T11:44:43.950912Z START initiator=0xF7
2026-04-07T11:44:44.008074Z START_RESP started initiator=0xF7
2026-04-07T11:44:44.008166Z #122 SEND_PROTO src=0xF7 dst=0x15 primary=0xB5 secondary=0x24 payload=02000c050000
2026-04-07T11:44:44.408044Z #122 PARSED_PROTO len=0 hex=
2026-04-07T11:44:44.408358Z OP Reading key=(op=0x02,gg=0x0C,ii=0x06,rr=0x0000) dst=0x15
2026-04-07T11:44:44.408441Z START initiator=0xF7
2026-04-07T11:44:44.452455Z START_RESP started initiator=0xF7
2026-04-07T11:44:44.452570Z #123 SEND_PROTO src=0xF7 dst=0x15 primary=0xB5 secondary=0x24 payload=02000c060000
2026-04-07T11:44:44.825498Z #123 PARSED_PROTO len=0 hex=
2026-04-07T11:44:44.825764Z OP Reading key=(op=0x02,gg=0x0C,ii=0x07,rr=0x0000) dst=0x15
2026-04-07T11:44:44.825839Z START initiator=0xF7
2026-04-07T11:44:44.931003Z START_RESP started initiator=0xF7
2026-04-07T11:44:44.931169Z #124 SEND_PROTO src=0xF7 dst=0x15 primary=0xB5 secondary=0x24 payload=02000c070000
2026-04-07T11:44:45.233493Z #124 PARSED_PROTO len=0 hex=
2026-04-07T11:44:45.233800Z OP Reading key=(op=0x02,gg=0x0C,ii=0x08,rr=0x0000) dst=0x15
2026-04-07T11:44:45.233898Z START initiator=0xF7
2026-04-07T11:44:45.333113Z START_RESP started initiator=0xF7
2026-04-07T11:44:45.333336Z #125 SEND_PROTO src=0xF7 dst=0x15 primary=0xB5 secondary=0x24 payload=02000c080000
2026-04-07T11:44:45.383927Z #125 RETRY type=collision n=1/10 sleep_ms=50
2026-04-07T11:44:45.384024Z START initiator=0xF7
2026-04-07T11:44:45.449885Z START_RESP started initiator=0xF7
2026-04-07T11:44:45.450427Z #125 SEND_PROTO src=0xF7 dst=0x15 primary=0xB5 secondary=0x24 payload=02000c080000
2026-04-07T11:44:45.739194Z #125 PARSED_PROTO len=0 hex=
2026-04-07T11:44:45.739440Z OP Reading key=(op=0x02,gg=0x0C,ii=0x09,rr=0x0000) dst=0x15
2026-04-07T11:44:45.739517Z START initiator=0xF7
2026-04-07T11:44:45.856926Z START_RESP started initiator=0xF7
2026-04-07T11:44:45.857171Z #126 SEND_PROTO src=0xF7 dst=0x15 primary=0xB5 secondary=0x24 payload=02000c090000
2026-04-07T11:44:45.929175Z #126 RETRY type=collision n=1/10 sleep_ms=50
2026-04-07T11:44:45.929411Z START initiator=0xF7
2026-04-07T11:44:46.049007Z START_RESP started initiator=0xF7
2026-04-07T11:44:46.049257Z #126 SEND_PROTO src=0xF7 dst=0x15 primary=0xB5 secondary=0x24 payload=02000c090000
2026-04-07T11:44:46.464746Z #126 PARSED_PROTO len=0 hex=
2026-04-07T11:44:46.464887Z OP Reading key=(op=0x02,gg=0x0C,ii=0x0A,rr=0x0000) dst=0x15
2026-04-07T11:44:46.464924Z START initiator=0xF7
2026-04-07T11:44:46.507330Z START_RESP started initiator=0xF7
2026-04-07T11:44:46.507483Z #127 SEND_PROTO src=0xF7 dst=0x15 primary=0xB5 secondary=0x24 payload=02000c0a0000
2026-04-07T11:44:46.801531Z #127 PARSED_PROTO len=0 hex=
2026-04-07T11:44:46.801905Z OP Identifying instances in group 0x0D (local)
2026-04-07T11:44:46.801999Z OP Reading key=(op=0x02,gg=0x0D,ii=0x00,rr=0x0000) dst=0x15
2026-04-07T11:44:46.802046Z START initiator=0xF7
2026-04-07T11:44:46.907221Z START_RESP failed winner=0x10
2026-04-07T11:44:46.962498Z #128 RETRY type=collision n=1/10 sleep_ms=50
2026-04-07T11:44:46.962608Z START initiator=0xF7
2026-04-07T11:44:47.008020Z START_RESP started initiator=0xF7
2026-04-07T11:44:47.008230Z #128 SEND_PROTO src=0xF7 dst=0x15 primary=0xB5 secondary=0x24 payload=02000d000000
2026-04-07T11:44:47.330357Z #128 PARSED_PROTO len=0 hex=
2026-04-07T11:44:47.330722Z OP Reading key=(op=0x02,gg=0x0D,ii=0x01,rr=0x0000) dst=0x15
2026-04-07T11:44:47.330827Z START initiator=0xF7
2026-04-07T11:44:47.430057Z START_RESP started initiator=0xF7
2026-04-07T11:44:47.430329Z #129 SEND_PROTO src=0xF7 dst=0x15 primary=0xB5 secondary=0x24 payload=02000d010000
2026-04-07T11:44:48.198938Z #129 RETRY type=timeout n=1/2
2026-04-07T11:44:48.199149Z START initiator=0xF7
2026-04-07T11:44:48.307898Z START_RESP started initiator=0xF7
2026-04-07T11:44:48.308160Z #129 SEND_PROTO src=0xF7 dst=0x15 primary=0xB5 secondary=0x24 payload=02000d010000
2026-04-07T11:44:48.720549Z #129 PARSED_PROTO len=0 hex=
2026-04-07T11:44:48.720908Z OP Reading key=(op=0x02,gg=0x0D,ii=0x02,rr=0x0000) dst=0x15
2026-04-07T11:44:48.720990Z START initiator=0xF7
2026-04-07T11:44:48.759938Z START_RESP started initiator=0xF7
2026-04-07T11:44:48.760196Z #130 SEND_PROTO src=0xF7 dst=0x15 primary=0xB5 secondary=0x24 payload=02000d020000
2026-04-07T11:44:49.161930Z #130 PARSED_PROTO len=0 hex=
2026-04-07T11:44:49.162181Z OP Reading key=(op=0x02,gg=0x0D,ii=0x03,rr=0x0000) dst=0x15
2026-04-07T11:44:49.162262Z START initiator=0xF7
2026-04-07T11:44:49.223375Z START_RESP failed winner=0x10
2026-04-07T11:44:49.276092Z #131 RETRY type=collision n=1/10 sleep_ms=50
2026-04-07T11:44:49.276316Z START initiator=0xF7
2026-04-07T11:44:49.319599Z START_RESP started initiator=0xF7
2026-04-07T11:44:49.319721Z #131 SEND_PROTO src=0xF7 dst=0x15 primary=0xB5 secondary=0x24 payload=02000d030000
2026-04-07T11:44:49.713115Z #131 PARSED_PROTO len=0 hex=
2026-04-07T11:44:49.713478Z OP Reading key=(op=0x02,gg=0x0D,ii=0x04,rr=0x0000) dst=0x15
2026-04-07T11:44:49.713560Z START initiator=0xF7
2026-04-07T11:44:49.757111Z START_RESP started initiator=0xF7
2026-04-07T11:44:49.757203Z #132 SEND_PROTO src=0xF7 dst=0x15 primary=0xB5 secondary=0x24 payload=02000d040000
2026-04-07T11:44:50.147358Z #132 PARSED_PROTO len=0 hex=
2026-04-07T11:44:50.147603Z OP Reading key=(op=0x02,gg=0x0D,ii=0x05,rr=0x0000) dst=0x15
2026-04-07T11:44:50.147669Z START initiator=0xF7
2026-04-07T11:44:50.197853Z START_RESP failed winner=0x10
2026-04-07T11:44:50.253203Z #133 RETRY type=collision n=1/10 sleep_ms=50
2026-04-07T11:44:50.253422Z START initiator=0xF7
2026-04-07T11:44:50.308981Z START_RESP started initiator=0xF7
2026-04-07T11:44:50.310401Z #133 SEND_PROTO src=0xF7 dst=0x15 primary=0xB5 secondary=0x24 payload=02000d050000
2026-04-07T11:44:50.668985Z #133 PARSED_PROTO len=0 hex=
2026-04-07T11:44:50.669265Z OP Reading key=(op=0x02,gg=0x0D,ii=0x06,rr=0x0000) dst=0x15
2026-04-07T11:44:50.669339Z START initiator=0xF7
2026-04-07T11:44:50.717472Z START_RESP started initiator=0xF7
2026-04-07T11:44:50.717663Z #134 SEND_PROTO src=0xF7 dst=0x15 primary=0xB5 secondary=0x24 payload=02000d060000
2026-04-07T11:44:50.995657Z #134 PARSED_PROTO len=0 hex=
2026-04-07T11:44:50.995960Z OP Reading key=(op=0x02,gg=0x0D,ii=0x07,rr=0x0000) dst=0x15
2026-04-07T11:44:50.996060Z START initiator=0xF7
2026-04-07T11:44:51.100269Z START_RESP failed winner=0x10
2026-04-07T11:44:51.155531Z #135 RETRY type=collision n=1/10 sleep_ms=50
2026-04-07T11:44:51.155756Z START initiator=0xF7
2026-04-07T11:44:51.203319Z START_RESP started initiator=0xF7
2026-04-07T11:44:51.203512Z #135 SEND_PROTO src=0xF7 dst=0x15 primary=0xB5 secondary=0x24 payload=02000d070000
2026-04-07T11:44:51.528453Z #135 PARSED_PROTO len=0 hex=
2026-04-07T11:44:51.528599Z OP Reading key=(op=0x02,gg=0x0D,ii=0x08,rr=0x0000) dst=0x15
2026-04-07T11:44:51.528638Z START initiator=0xF7
2026-04-07T11:44:51.648619Z START_RESP started initiator=0xF7
2026-04-07T11:44:51.648933Z #136 SEND_PROTO src=0xF7 dst=0x15 primary=0xB5 secondary=0x24 payload=02000d080000
2026-04-07T11:44:51.951283Z #136 PARSED_PROTO len=0 hex=
2026-04-07T11:44:51.951528Z OP Reading key=(op=0x02,gg=0x0D,ii=0x09,rr=0x0000) dst=0x15
2026-04-07T11:44:51.951601Z START initiator=0xF7
2026-04-07T11:44:51.996382Z START_RESP started initiator=0xF7
2026-04-07T11:44:51.996474Z #137 SEND_PROTO src=0xF7 dst=0x15 primary=0xB5 secondary=0x24 payload=02000d090000
2026-04-07T11:44:52.382301Z #137 PARSED_PROTO len=0 hex=
2026-04-07T11:44:52.382675Z OP Reading key=(op=0x02,gg=0x0D,ii=0x0A,rr=0x0000) dst=0x15
2026-04-07T11:44:52.382774Z START initiator=0xF7
2026-04-07T11:44:52.494768Z START_RESP started initiator=0xF7
2026-04-07T11:44:52.495048Z #138 SEND_PROTO src=0xF7 dst=0x15 primary=0xB5 secondary=0x24 payload=02000d0a0000
2026-04-07T11:44:52.916338Z #138 PARSED_PROTO len=0 hex=
2026-04-07T11:44:52.916572Z OP Identifying instances in group 0x0E (local)
2026-04-07T11:44:52.916622Z OP Reading key=(op=0x02,gg=0x0E,ii=0x00,rr=0x0000) dst=0x15
2026-04-07T11:44:52.916650Z START initiator=0xF7
2026-04-07T11:44:52.962854Z START_RESP failed winner=0xF1
2026-04-07T11:44:53.016164Z #139 RETRY type=collision n=1/10 sleep_ms=50
2026-04-07T11:44:53.016390Z START initiator=0xF7
2026-04-07T11:44:53.059605Z START_RESP started initiator=0xF7
2026-04-07T11:44:53.059716Z #139 SEND_PROTO src=0xF7 dst=0x15 primary=0xB5 secondary=0x24 payload=02000e000000
2026-04-07T11:44:53.454360Z #139 PARSED_PROTO len=0 hex=
2026-04-07T11:44:53.454751Z OP Reading key=(op=0x02,gg=0x0E,ii=0x01,rr=0x0000) dst=0x15
2026-04-07T11:44:53.454854Z START initiator=0xF7
2026-04-07T11:44:53.503926Z START_RESP failed winner=0xF1
2026-04-07T11:44:53.556131Z #140 RETRY type=collision n=1/10 sleep_ms=50
2026-04-07T11:44:53.556270Z START initiator=0xF7
2026-04-07T11:44:53.620368Z START_RESP started initiator=0xF7
2026-04-07T11:44:53.620642Z #140 SEND_PROTO src=0xF7 dst=0x15 primary=0xB5 secondary=0x24 payload=02000e010000
2026-04-07T11:44:53.986933Z #140 PARSED_PROTO len=0 hex=
2026-04-07T11:44:53.987149Z OP Reading key=(op=0x02,gg=0x0E,ii=0x02,rr=0x0000) dst=0x15
2026-04-07T11:44:53.987204Z START initiator=0xF7
2026-04-07T11:44:54.036358Z START_RESP failed winner=0xF1
2026-04-07T11:44:54.091599Z #141 RETRY type=collision n=1/10 sleep_ms=50
2026-04-07T11:44:54.091682Z START initiator=0xF7
2026-04-07T11:44:54.154329Z START_RESP started initiator=0xF7
2026-04-07T11:44:54.154531Z #141 SEND_PROTO src=0xF7 dst=0x15 primary=0xB5 secondary=0x24 payload=02000e020000
2026-04-07T11:44:54.295851Z #141 RETRY type=collision n=2/10 sleep_ms=50
2026-04-07T11:44:54.295951Z START initiator=0xF7
2026-04-07T11:44:54.351512Z START_RESP started initiator=0xF7
2026-04-07T11:44:54.351720Z #141 SEND_PROTO src=0xF7 dst=0x15 primary=0xB5 secondary=0x24 payload=02000e020000
2026-04-07T11:44:54.671200Z #141 PARSED_PROTO len=0 hex=
2026-04-07T11:44:54.671556Z OP Reading key=(op=0x02,gg=0x0E,ii=0x03,rr=0x0000) dst=0x15
2026-04-07T11:44:54.671670Z START initiator=0xF7
2026-04-07T11:44:54.770299Z START_RESP failed winner=0x10
2026-04-07T11:44:54.825520Z #142 RETRY type=collision n=1/10 sleep_ms=50
2026-04-07T11:44:54.825663Z START initiator=0xF7
2026-04-07T11:44:54.863277Z START_RESP failed winner=0xF1
2026-04-07T11:44:54.918444Z #142 RETRY type=collision n=2/10 sleep_ms=50
2026-04-07T11:44:54.918702Z START initiator=0xF7
2026-04-07T11:44:54.980627Z START_RESP started initiator=0xF7
2026-04-07T11:44:54.980705Z #142 SEND_PROTO src=0xF7 dst=0x15 primary=0xB5 secondary=0x24 payload=02000e030000
2026-04-07T11:44:55.368991Z #142 PARSED_PROTO len=0 hex=
2026-04-07T11:44:55.369139Z OP Reading key=(op=0x02,gg=0x0E,ii=0x04,rr=0x0000) dst=0x15
2026-04-07T11:44:55.369180Z START initiator=0xF7
2026-04-07T11:44:55.418797Z START_RESP failed winner=0x10
2026-04-07T11:44:55.471142Z #143 RETRY type=collision n=1/10 sleep_ms=50
2026-04-07T11:44:55.471276Z START initiator=0xF7
2026-04-07T11:44:55.535087Z START_RESP started initiator=0xF7
2026-04-07T11:44:55.535268Z #143 SEND_PROTO src=0xF7 dst=0x15 primary=0xB5 secondary=0x24 payload=02000e040000
2026-04-07T11:44:55.923314Z #143 PARSED_PROTO len=0 hex=
2026-04-07T11:44:55.923512Z OP Reading key=(op=0x02,gg=0x0E,ii=0x05,rr=0x0000) dst=0x15
2026-04-07T11:44:55.923567Z START initiator=0xF7
2026-04-07T11:44:56.028541Z START_RESP started initiator=0xF7
2026-04-07T11:44:56.028635Z #144 SEND_PROTO src=0xF7 dst=0x15 primary=0xB5 secondary=0x24 payload=02000e050000
2026-04-07T11:44:56.446737Z #144 PARSED_PROTO len=0 hex=
2026-04-07T11:44:56.446894Z OP Reading key=(op=0x02,gg=0x0E,ii=0x06,rr=0x0000) dst=0x15
2026-04-07T11:44:56.446937Z START initiator=0xF7
2026-04-07T11:44:56.491576Z START_RESP failed winner=0x10
2026-04-07T11:44:56.544497Z #145 RETRY type=collision n=1/10 sleep_ms=50
2026-04-07T11:44:56.544587Z START initiator=0xF7
2026-04-07T11:44:56.604899Z START_RESP started initiator=0xF7
2026-04-07T11:44:56.605070Z #145 SEND_PROTO src=0xF7 dst=0x15 primary=0xB5 secondary=0x24 payload=02000e060000
2026-04-07T11:44:57.012605Z #145 PARSED_PROTO len=0 hex=
2026-04-07T11:44:57.012845Z OP Reading key=(op=0x02,gg=0x0E,ii=0x07,rr=0x0000) dst=0x15
2026-04-07T11:44:57.012924Z START initiator=0xF7
2026-04-07T11:44:57.059881Z START_RESP started initiator=0xF7
2026-04-07T11:44:57.059979Z #146 SEND_PROTO src=0xF7 dst=0x15 primary=0xB5 secondary=0x24 payload=02000e070000
2026-04-07T11:44:57.455792Z #146 PARSED_PROTO len=0 hex=
2026-04-07T11:44:57.456203Z OP Reading key=(op=0x02,gg=0x0E,ii=0x08,rr=0x0000) dst=0x15
2026-04-07T11:44:57.456287Z START initiator=0xF7
2026-04-07T11:44:57.507397Z START_RESP failed winner=0x10
2026-04-07T11:44:57.558841Z #147 RETRY type=collision n=1/10 sleep_ms=50
2026-04-07T11:44:57.558957Z START initiator=0xF7
2026-04-07T11:44:57.616127Z START_RESP started initiator=0xF7
2026-04-07T11:44:57.616331Z #147 SEND_PROTO src=0xF7 dst=0x15 primary=0xB5 secondary=0x24 payload=02000e080000
2026-04-07T11:44:57.986335Z #147 PARSED_PROTO len=0 hex=
2026-04-07T11:44:57.986721Z OP Reading key=(op=0x02,gg=0x0E,ii=0x09,rr=0x0000) dst=0x15
2026-04-07T11:44:57.986807Z START initiator=0xF7
2026-04-07T11:44:58.034370Z START_RESP started initiator=0xF7
2026-04-07T11:44:58.034453Z #148 SEND_PROTO src=0xF7 dst=0x15 primary=0xB5 secondary=0x24 payload=02000e090000
2026-04-07T11:44:58.330630Z #148 PARSED_PROTO len=0 hex=
2026-04-07T11:44:58.330755Z OP Reading key=(op=0x02,gg=0x0E,ii=0x0A,rr=0x0000) dst=0x15
2026-04-07T11:44:58.330792Z START initiator=0xF7
2026-04-07T11:44:58.441371Z START_RESP failed winner=0x10
2026-04-07T11:44:58.492235Z #149 RETRY type=collision n=1/10 sleep_ms=50
2026-04-07T11:44:58.492385Z START initiator=0xF7
2026-04-07T11:44:58.535500Z START_RESP started initiator=0xF7
2026-04-07T11:44:58.535701Z #149 SEND_PROTO src=0xF7 dst=0x15 primary=0xB5 secondary=0x24 payload=02000e0a0000
2026-04-07T11:44:58.843175Z #149 PARSED_PROTO len=0 hex=
2026-04-07T11:44:58.843747Z OP Identifying instances in group 0x0F (local)
2026-04-07T11:44:58.843875Z OP Reading key=(op=0x02,gg=0x0F,ii=0x00,rr=0x0000) dst=0x15
2026-04-07T11:44:58.843946Z START initiator=0xF7
2026-04-07T11:44:58.964241Z START_RESP started initiator=0xF7
2026-04-07T11:44:58.964335Z #150 SEND_PROTO src=0xF7 dst=0x15 primary=0xB5 secondary=0x24 payload=02000f000000
2026-04-07T11:44:59.019527Z #150 RETRY type=collision n=1/10 sleep_ms=50
2026-04-07T11:44:59.019738Z START initiator=0xF7
2026-04-07T11:44:59.077011Z START_RESP started initiator=0xF7
2026-04-07T11:44:59.077231Z #150 SEND_PROTO src=0xF7 dst=0x15 primary=0xB5 secondary=0x24 payload=02000f000000
2026-04-07T11:44:59.488073Z #150 PARSED_PROTO len=0 hex=
2026-04-07T11:44:59.488475Z OP Reading key=(op=0x02,gg=0x0F,ii=0x01,rr=0x0000) dst=0x15
2026-04-07T11:44:59.488577Z START initiator=0xF7
2026-04-07T11:44:59.515671Z START_RESP failed winner=0xF1
2026-04-07T11:44:59.566865Z #151 RETRY type=collision n=1/10 sleep_ms=50
2026-04-07T11:44:59.566986Z START initiator=0xF7
2026-04-07T11:44:59.612056Z START_RESP failed winner=0x03
2026-04-07T11:44:59.662903Z #151 RETRY type=collision n=2/10 sleep_ms=50
2026-04-07T11:44:59.663083Z START initiator=0xF7
2026-04-07T11:44:59.684718Z START_RESP started initiator=0xF7
2026-04-07T11:44:59.684837Z #151 SEND_PROTO src=0xF7 dst=0x15 primary=0xB5 secondary=0x24 payload=02000f010000
2026-04-07T11:45:00.050628Z #151 PARSED_PROTO len=0 hex=
2026-04-07T11:45:00.050737Z OP Reading key=(op=0x02,gg=0x0F,ii=0x02,rr=0x0000) dst=0x15
2026-04-07T11:45:00.050769Z START initiator=0xF7
2026-04-07T11:45:00.124598Z START_RESP started initiator=0xF7
2026-04-07T11:45:00.124866Z #152 SEND_PROTO src=0xF7 dst=0x15 primary=0xB5 secondary=0x24 payload=02000f020000
2026-04-07T11:45:00.439955Z #152 PARSED_PROTO len=0 hex=
2026-04-07T11:45:00.440204Z OP Reading key=(op=0x02,gg=0x0F,ii=0x03,rr=0x0000) dst=0x15
2026-04-07T11:45:00.440280Z START initiator=0xF7
2026-04-07T11:45:00.582907Z START_RESP started initiator=0xF7
2026-04-07T11:45:00.583024Z #153 SEND_PROTO src=0xF7 dst=0x15 primary=0xB5 secondary=0x24 payload=02000f030000
2026-04-07T11:45:00.895246Z #153 PARSED_PROTO len=0 hex=
2026-04-07T11:45:00.895600Z OP Reading key=(op=0x02,gg=0x0F,ii=0x04,rr=0x0000) dst=0x15
2026-04-07T11:45:00.895687Z START initiator=0xF7
2026-04-07T11:45:01.061743Z START_RESP started initiator=0xF7
2026-04-07T11:45:01.062039Z #154 SEND_PROTO src=0xF7 dst=0x15 primary=0xB5 secondary=0x24 payload=02000f040000
2026-04-07T11:45:01.117327Z #154 RETRY type=collision n=1/10 sleep_ms=50
2026-04-07T11:45:01.117410Z START initiator=0xF7
2026-04-07T11:45:01.171279Z START_RESP started initiator=0xF7
2026-04-07T11:45:01.171518Z #154 SEND_PROTO src=0xF7 dst=0x15 primary=0xB5 secondary=0x24 payload=02000f040000
2026-04-07T11:45:01.584671Z #154 PARSED_PROTO len=0 hex=
2026-04-07T11:45:01.584929Z OP Reading key=(op=0x02,gg=0x0F,ii=0x05,rr=0x0000) dst=0x15
2026-04-07T11:45:01.585001Z START initiator=0xF7
2026-04-07T11:45:01.649343Z START_RESP started initiator=0xF7
2026-04-07T11:45:01.649539Z #155 SEND_PROTO src=0xF7 dst=0x15 primary=0xB5 secondary=0x24 payload=02000f050000
2026-04-07T11:45:01.969856Z #155 PARSED_PROTO len=0 hex=
2026-04-07T11:45:01.970100Z OP Reading key=(op=0x02,gg=0x0F,ii=0x06,rr=0x0000) dst=0x15
2026-04-07T11:45:01.970166Z START initiator=0xF7
2026-04-07T11:45:02.008350Z START_RESP started initiator=0xF7
2026-04-07T11:45:02.008528Z #156 SEND_PROTO src=0xF7 dst=0x15 primary=0xB5 secondary=0x24 payload=02000f060000
2026-04-07T11:45:02.425700Z #156 PARSED_PROTO len=0 hex=
2026-04-07T11:45:02.426095Z OP Reading key=(op=0x02,gg=0x0F,ii=0x07,rr=0x0000) dst=0x15
2026-04-07T11:45:02.426199Z START initiator=0xF7
2026-04-07T11:45:02.455089Z START_RESP started initiator=0xF7
2026-04-07T11:45:02.455217Z #157 SEND_PROTO src=0xF7 dst=0x15 primary=0xB5 secondary=0x24 payload=02000f070000
2026-04-07T11:45:02.844070Z #157 PARSED_PROTO len=0 hex=
2026-04-07T11:45:02.844313Z OP Reading key=(op=0x02,gg=0x0F,ii=0x08,rr=0x0000) dst=0x15
2026-04-07T11:45:02.844380Z START initiator=0xF7
2026-04-07T11:45:02.894986Z START_RESP started initiator=0xF7
2026-04-07T11:45:02.895072Z #158 SEND_PROTO src=0xF7 dst=0x15 primary=0xB5 secondary=0x24 payload=02000f080000
2026-04-07T11:45:03.306216Z #158 PARSED_PROTO len=0 hex=
2026-04-07T11:45:03.306418Z OP Reading key=(op=0x02,gg=0x0F,ii=0x09,rr=0x0000) dst=0x15
2026-04-07T11:45:03.306471Z START initiator=0xF7
2026-04-07T11:45:03.358504Z START_RESP started initiator=0xF7
2026-04-07T11:45:03.358785Z #159 SEND_PROTO src=0xF7 dst=0x15 primary=0xB5 secondary=0x24 payload=02000f090000
2026-04-07T11:45:03.721343Z #159 PARSED_PROTO len=0 hex=
2026-04-07T11:45:03.721655Z OP Reading key=(op=0x02,gg=0x0F,ii=0x0A,rr=0x0000) dst=0x15
2026-04-07T11:45:03.721737Z START initiator=0xF7
2026-04-07T11:45:03.768668Z START_RESP started initiator=0xF7
2026-04-07T11:45:03.768819Z #160 SEND_PROTO src=0xF7 dst=0x15 primary=0xB5 secondary=0x24 payload=02000f0a0000
2026-04-07T11:45:04.082736Z #160 PARSED_PROTO len=0 hex=
2026-04-07T11:45:04.083213Z OP Identifying instances in group 0x10 (local)
2026-04-07T11:45:04.083308Z OP Reading key=(op=0x02,gg=0x10,ii=0x00,rr=0x0000) dst=0x15
2026-04-07T11:45:04.083368Z START initiator=0xF7
2026-04-07T11:45:04.207228Z START_RESP started initiator=0xF7
2026-04-07T11:45:04.207378Z #161 SEND_PROTO src=0xF7 dst=0x15 primary=0xB5 secondary=0x24 payload=020010000000
2026-04-07T11:45:04.261060Z #161 RETRY type=collision n=1/10 sleep_ms=50
2026-04-07T11:45:04.261184Z START initiator=0xF7
2026-04-07T11:45:04.319114Z START_RESP started initiator=0xF7
2026-04-07T11:45:04.319309Z #161 SEND_PROTO src=0xF7 dst=0x15 primary=0xB5 secondary=0x24 payload=020010000000
2026-04-07T11:45:04.614386Z #161 PARSED_PROTO len=0 hex=
2026-04-07T11:45:04.614623Z OP Reading key=(op=0x02,gg=0x10,ii=0x01,rr=0x0000) dst=0x15
2026-04-07T11:45:04.614686Z START initiator=0xF7
2026-04-07T11:45:04.730910Z START_RESP started initiator=0xF7
2026-04-07T11:45:04.731081Z #162 SEND_PROTO src=0xF7 dst=0x15 primary=0xB5 secondary=0x24 payload=020010010000
2026-04-07T11:45:04.785768Z #162 RETRY type=collision n=1/10 sleep_ms=50
2026-04-07T11:45:04.785869Z START initiator=0xF7
2026-04-07T11:45:04.899071Z START_RESP started initiator=0xF7
2026-04-07T11:45:04.899186Z #162 SEND_PROTO src=0xF7 dst=0x15 primary=0xB5 secondary=0x24 payload=020010010000
2026-04-07T11:45:05.283420Z #162 PARSED_PROTO len=0 hex=
2026-04-07T11:45:05.283774Z OP Reading key=(op=0x02,gg=0x10,ii=0x02,rr=0x0000) dst=0x15
2026-04-07T11:45:05.283864Z START initiator=0xF7
2026-04-07T11:45:05.329952Z START_RESP started initiator=0xF7
2026-04-07T11:45:05.330078Z #163 SEND_PROTO src=0xF7 dst=0x15 primary=0xB5 secondary=0x24 payload=020010020000
2026-04-07T11:45:05.625572Z #163 PARSED_PROTO len=0 hex=
2026-04-07T11:45:05.625884Z OP Reading key=(op=0x02,gg=0x10,ii=0x03,rr=0x0000) dst=0x15
2026-04-07T11:45:05.625989Z START initiator=0xF7
2026-04-07T11:45:05.672723Z START_RESP failed winner=0x10
2026-04-07T11:45:05.723364Z #164 RETRY type=collision n=1/10 sleep_ms=50
2026-04-07T11:45:05.723600Z START initiator=0xF7
2026-04-07T11:45:05.835698Z START_RESP started initiator=0xF7
2026-04-07T11:45:05.836022Z #164 SEND_PROTO src=0xF7 dst=0x15 primary=0xB5 secondary=0x24 payload=020010030000
2026-04-07T11:45:06.120360Z #164 PARSED_PROTO len=0 hex=
2026-04-07T11:45:06.120671Z OP Reading key=(op=0x02,gg=0x10,ii=0x04,rr=0x0000) dst=0x15
2026-04-07T11:45:06.120758Z START initiator=0xF7
2026-04-07T11:45:06.168452Z START_RESP started initiator=0xF7
2026-04-07T11:45:06.168567Z #165 SEND_PROTO src=0xF7 dst=0x15 primary=0xB5 secondary=0x24 payload=020010040000
2026-04-07T11:45:06.597218Z #165 PARSED_PROTO len=0 hex=
2026-04-07T11:45:06.597335Z OP Reading key=(op=0x02,gg=0x10,ii=0x05,rr=0x0000) dst=0x15
2026-04-07T11:45:06.597372Z START initiator=0xF7
2026-04-07T11:45:06.829627Z START_RESP started initiator=0xF7
2026-04-07T11:45:06.829831Z #166 SEND_PROTO src=0xF7 dst=0x15 primary=0xB5 secondary=0x24 payload=020010050000
2026-04-07T11:45:06.884570Z #166 RETRY type=collision n=1/10 sleep_ms=50
2026-04-07T11:45:06.884780Z START initiator=0xF7
2026-04-07T11:45:06.946266Z START_RESP started initiator=0xF7
2026-04-07T11:45:06.946456Z #166 SEND_PROTO src=0xF7 dst=0x15 primary=0xB5 secondary=0x24 payload=020010050000
2026-04-07T11:45:07.376370Z #166 PARSED_PROTO len=0 hex=
2026-04-07T11:45:07.376744Z OP Reading key=(op=0x02,gg=0x10,ii=0x06,rr=0x0000) dst=0x15
2026-04-07T11:45:07.376840Z START initiator=0xF7
2026-04-07T11:45:07.423711Z START_RESP started initiator=0xF7
2026-04-07T11:45:07.423804Z #167 SEND_PROTO src=0xF7 dst=0x15 primary=0xB5 secondary=0x24 payload=020010060000
2026-04-07T11:45:07.759669Z #167 PARSED_PROTO len=0 hex=
2026-04-07T11:45:07.759816Z OP Reading key=(op=0x02,gg=0x10,ii=0x07,rr=0x0000) dst=0x15
2026-04-07T11:45:07.759858Z START initiator=0xF7
2026-04-07T11:45:07.883761Z START_RESP started initiator=0xF7
2026-04-07T11:45:07.883862Z #168 SEND_PROTO src=0xF7 dst=0x15 primary=0xB5 secondary=0x24 payload=020010070000
2026-04-07T11:45:07.963749Z #168 RETRY type=collision n=1/10 sleep_ms=50
2026-04-07T11:45:07.963837Z START initiator=0xF7
2026-04-07T11:45:08.007719Z START_RESP started initiator=0xF7
2026-04-07T11:45:08.007952Z #168 SEND_PROTO src=0xF7 dst=0x15 primary=0xB5 secondary=0x24 payload=020010070000
2026-04-07T11:45:08.301046Z #168 PARSED_PROTO len=0 hex=
2026-04-07T11:45:08.301225Z OP Reading key=(op=0x02,gg=0x10,ii=0x08,rr=0x0000) dst=0x15
2026-04-07T11:45:08.301276Z START initiator=0xF7
2026-04-07T11:45:08.400509Z START_RESP started initiator=0xF7
2026-04-07T11:45:08.400554Z #169 SEND_PROTO src=0xF7 dst=0x15 primary=0xB5 secondary=0x24 payload=020010080000
2026-04-07T11:45:08.452307Z #169 RETRY type=collision n=1/10 sleep_ms=50
2026-04-07T11:45:08.452538Z START initiator=0xF7
2026-04-07T11:45:08.471486Z START_RESP started initiator=0xF7
2026-04-07T11:45:08.471524Z #169 SEND_PROTO src=0xF7 dst=0x15 primary=0xB5 secondary=0x24 payload=020010080000
2026-04-07T11:45:08.753832Z #169 PARSED_PROTO len=0 hex=
2026-04-07T11:45:08.754101Z OP Reading key=(op=0x02,gg=0x10,ii=0x09,rr=0x0000) dst=0x15
2026-04-07T11:45:08.754184Z START initiator=0xF7
2026-04-07T11:45:08.801726Z START_RESP started initiator=0xF7
2026-04-07T11:45:08.801821Z #170 SEND_PROTO src=0xF7 dst=0x15 primary=0xB5 secondary=0x24 payload=020010090000
2026-04-07T11:45:09.202169Z #170 PARSED_PROTO len=0 hex=
2026-04-07T11:45:09.202621Z OP Reading key=(op=0x02,gg=0x10,ii=0x0A,rr=0x0000) dst=0x15
2026-04-07T11:45:09.202743Z START initiator=0xF7
2026-04-07T11:45:09.241790Z START_RESP started initiator=0xF7
2026-04-07T11:45:09.241931Z #171 SEND_PROTO src=0xF7 dst=0x15 primary=0xB5 secondary=0x24 payload=0200100a0000
2026-04-07T11:45:09.617447Z #171 PARSED_PROTO len=0 hex=
2026-04-07T11:45:09.617958Z OP Identifying instances in group 0x11 (local)
2026-04-07T11:45:09.618060Z OP Reading key=(op=0x02,gg=0x11,ii=0x00,rr=0x0000) dst=0x15
2026-04-07T11:45:09.618126Z START initiator=0xF7
2026-04-07T11:45:09.730483Z START_RESP started initiator=0xF7
2026-04-07T11:45:09.730729Z #172 SEND_PROTO src=0xF7 dst=0x15 primary=0xB5 secondary=0x24 payload=020011000000
2026-04-07T11:45:10.133711Z #172 PARSED_PROTO len=0 hex=
2026-04-07T11:45:10.133931Z OP Reading key=(op=0x02,gg=0x11,ii=0x01,rr=0x0000) dst=0x15
2026-04-07T11:45:10.134008Z START initiator=0xF7
2026-04-07T11:45:10.181765Z START_RESP started initiator=0xF7
2026-04-07T11:45:10.181861Z #173 SEND_PROTO src=0xF7 dst=0x15 primary=0xB5 secondary=0x24 payload=020011010000
2026-04-07T11:45:10.595790Z #173 PARSED_PROTO len=0 hex=
2026-04-07T11:45:10.595959Z OP Reading key=(op=0x02,gg=0x11,ii=0x02,rr=0x0000) dst=0x15
2026-04-07T11:45:10.596004Z START initiator=0xF7
2026-04-07T11:45:10.644439Z START_RESP failed winner=0x10
2026-04-07T11:45:10.696967Z #174 RETRY type=collision n=1/10 sleep_ms=50
2026-04-07T11:45:10.697174Z START initiator=0xF7
2026-04-07T11:45:10.759924Z START_RESP started initiator=0xF7
2026-04-07T11:45:10.760123Z #174 SEND_PROTO src=0xF7 dst=0x15 primary=0xB5 secondary=0x24 payload=020011020000
2026-04-07T11:45:11.159094Z #174 PARSED_PROTO len=0 hex=
2026-04-07T11:45:11.159414Z OP Reading key=(op=0x02,gg=0x11,ii=0x03,rr=0x0000) dst=0x15
2026-04-07T11:45:11.159488Z START initiator=0xF7
2026-04-07T11:45:11.209652Z START_RESP started initiator=0xF7
2026-04-07T11:45:11.209856Z #175 SEND_PROTO src=0xF7 dst=0x15 primary=0xB5 secondary=0x24 payload=020011030000
2026-04-07T11:45:11.585086Z #175 PARSED_PROTO len=0 hex=
2026-04-07T11:45:11.585356Z OP Reading key=(op=0x02,gg=0x11,ii=0x04,rr=0x0000) dst=0x15
2026-04-07T11:45:11.585430Z START initiator=0xF7
2026-04-07T11:45:11.659812Z START_RESP started initiator=0xF7
2026-04-07T11:45:11.659924Z #176 SEND_PROTO src=0xF7 dst=0x15 primary=0xB5 secondary=0x24 payload=020011040000
2026-04-07T11:45:12.070981Z #176 PARSED_PROTO len=0 hex=
2026-04-07T11:45:12.071449Z OP Reading key=(op=0x02,gg=0x11,ii=0x05,rr=0x0000) dst=0x15
2026-04-07T11:45:12.071579Z START initiator=0xF7
2026-04-07T11:45:12.114950Z START_RESP started initiator=0xF7
2026-04-07T11:45:12.115085Z #177 SEND_PROTO src=0xF7 dst=0x15 primary=0xB5 secondary=0x24 payload=020011050000
2026-04-07T11:45:12.403360Z #177 PARSED_PROTO len=0 hex=
2026-04-07T11:45:12.403786Z OP Reading key=(op=0x02,gg=0x11,ii=0x06,rr=0x0000) dst=0x15
2026-04-07T11:45:12.403892Z START initiator=0xF7
2026-04-07T11:45:12.462024Z START_RESP started initiator=0xF7
2026-04-07T11:45:12.462225Z #178 SEND_PROTO src=0xF7 dst=0x15 primary=0xB5 secondary=0x24 payload=020011060000
2026-04-07T11:45:12.850276Z #178 PARSED_PROTO len=0 hex=
2026-04-07T11:45:12.850453Z OP Reading key=(op=0x02,gg=0x11,ii=0x07,rr=0x0000) dst=0x15
2026-04-07T11:45:12.850506Z START initiator=0xF7
2026-04-07T11:45:12.897635Z START_RESP started initiator=0xF7
2026-04-07T11:45:12.897770Z #179 SEND_PROTO src=0xF7 dst=0x15 primary=0xB5 secondary=0x24 payload=020011070000
2026-04-07T11:45:13.318793Z #179 PARSED_PROTO len=0 hex=
2026-04-07T11:45:13.322438Z OP Reading key=(op=0x02,gg=0x11,ii=0x08,rr=0x0000) dst=0x15
2026-04-07T11:45:13.322655Z START initiator=0xF7
2026-04-07T11:45:13.369385Z START_RESP started initiator=0xF7
2026-04-07T11:45:13.369502Z #180 SEND_PROTO src=0xF7 dst=0x15 primary=0xB5 secondary=0x24 payload=020011080000
2026-04-07T11:45:13.802262Z #180 PARSED_PROTO len=0 hex=
2026-04-07T11:45:13.802462Z OP Reading key=(op=0x02,gg=0x11,ii=0x09,rr=0x0000) dst=0x15
2026-04-07T11:45:13.802514Z START initiator=0xF7
2026-04-07T11:45:13.849362Z START_RESP started initiator=0xF7
2026-04-07T11:45:13.849534Z #181 SEND_PROTO src=0xF7 dst=0x15 primary=0xB5 secondary=0x24 payload=020011090000
2026-04-07T11:45:14.281453Z #181 PARSED_PROTO len=0 hex=
2026-04-07T11:45:14.281603Z OP Reading key=(op=0x02,gg=0x11,ii=0x0A,rr=0x0000) dst=0x15
2026-04-07T11:45:14.281647Z START initiator=0xF7
2026-04-07T11:45:14.325463Z START_RESP started initiator=0xF7
2026-04-07T11:45:14.325595Z #182 SEND_PROTO src=0xF7 dst=0x15 primary=0xB5 secondary=0x24 payload=0200110a0000
2026-04-07T11:45:14.691831Z #182 PARSED_PROTO len=0 hex=
2026-04-07T11:45:14.692055Z OP Identifying instances in group 0x01 (remote)
2026-04-07T11:45:14.692104Z OP Reading key=(op=0x06,gg=0x01,ii=0x00,rr=0x0001) dst=0x15
2026-04-07T11:45:14.692132Z START initiator=0xF7
2026-04-07T11:45:14.751863Z START_RESP failed winner=0x10
2026-04-07T11:45:14.806959Z #183 RETRY type=collision n=1/10 sleep_ms=50
2026-04-07T11:45:14.807018Z START initiator=0xF7
2026-04-07T11:45:14.868873Z START_RESP started initiator=0xF7
2026-04-07T11:45:14.868975Z #183 SEND_PROTO src=0xF7 dst=0x15 primary=0xB5 secondary=0x24 payload=060001000100
2026-04-07T11:45:15.259620Z #183 PARSED_PROTO len=5 hex=0101010000
2026-04-07T11:45:15.259725Z OP Reading key=(op=0x06,gg=0x01,ii=0x00,rr=0x0002) dst=0x15
2026-04-07T11:45:15.259763Z START initiator=0xF7
2026-04-07T11:45:15.305700Z START_RESP started initiator=0xF7
2026-04-07T11:45:15.305846Z #184 SEND_PROTO src=0xF7 dst=0x15 primary=0xB5 secondary=0x24 payload=060001000200
2026-04-07T11:45:15.622351Z #184 PARSED_PROTO len=5 hex=0001020000
2026-04-07T11:45:15.622443Z OP Reading key=(op=0x06,gg=0x01,ii=0x00,rr=0x0003) dst=0x15
2026-04-07T11:45:15.622474Z START initiator=0xF7
2026-04-07T11:45:15.741863Z START_RESP failed winner=0x10
2026-04-07T11:45:15.797154Z #185 RETRY type=collision n=1/10 sleep_ms=50
2026-04-07T11:45:15.797232Z START initiator=0xF7
2026-04-07T11:45:15.843701Z START_RESP started initiator=0xF7
2026-04-07T11:45:15.843883Z #185 SEND_PROTO src=0xF7 dst=0x15 primary=0xB5 secondary=0x24 payload=060001000300
2026-04-07T11:45:16.150647Z #185 PARSED_PROTO len=5 hex=00010300ff
2026-04-07T11:45:16.150862Z OP Reading key=(op=0x06,gg=0x01,ii=0x00,rr=0x0004) dst=0x15
2026-04-07T11:45:16.150928Z START initiator=0xF7
2026-04-07T11:45:16.266066Z START_RESP failed winner=0xF1
2026-04-07T11:45:16.319032Z #186 RETRY type=collision n=1/10 sleep_ms=50
2026-04-07T11:45:16.319105Z START initiator=0xF7
2026-04-07T11:45:16.407520Z START_RESP started initiator=0xF7
2026-04-07T11:45:16.407571Z #186 SEND_PROTO src=0xF7 dst=0x15 primary=0xB5 secondary=0x24 payload=060001000400
2026-04-07T11:45:16.821867Z #186 PARSED_PROTO len=7 hex=00010400ffffff
2026-04-07T11:45:16.822041Z OP Reading key=(op=0x06,gg=0x01,ii=0x01,rr=0x0001) dst=0x15
2026-04-07T11:45:16.822086Z START initiator=0xF7
